"C:/Users/Alex/Documents/Unreal Projects/GamesProject/GPProject.uproject" 1
"../../../Engine/Plugins/2D/Paper2D/Paper2D.uplugin" 2
"../../../Engine/Plugins/Developer/BlankPlugin/BlankPlugin.uplugin" 3
"../../../Engine/Plugins/Developer/GitSourceControl/GitSourceControl.uplugin" 4
"../../../Engine/Plugins/Developer/KDevelopSourceCodeAccess/KDevelopSourceCodeAccess.uplugin" 5
"../../../Engine/Plugins/Developer/PerforceSourceControl/PerforceSourceControl.uplugin" 6
"../../../Engine/Plugins/Developer/SubversionSourceControl/SubversionSourceControl.uplugin" 7
"../../../Engine/Plugins/Developer/UObjectPlugin/UObjectPlugin.uplugin" 8
"../../../Engine/Plugins/Developer/VisualStudioSourceCodeAccess/VisualStudioSourceCodeAccess.uplugin" 9
"../../../Engine/Plugins/Developer/XCodeSourceCodeAccess/XCodeSourceCodeAccess.uplugin" 10
"../../../Engine/Plugins/Editor/EpicSurvey/EpicSurvey.uplugin" 11
"../../../Engine/Plugins/Editor/MacGraphicsSwitching/MacGraphicsSwitching.uplugin" 12
"../../../Engine/Plugins/Editor/PluginsEditor/PluginsEditor.uplugin" 13
"../../../Engine/Plugins/Editor/SpeedTreeImporter/SpeedTreeImporter.uplugin" 14
"../../../Engine/Plugins/Experimental/BlueprintStats/BlueprintStats.uplugin" 15
"../../../Engine/Plugins/Experimental/CharacterAI/CharacterAI.uplugin" 16
"../../../Engine/Plugins/Experimental/CodeView/CodeView.uplugin" 17
"../../../Engine/Plugins/Experimental/LiveEditor/LiveEditor.uplugin" 18
"../../../Engine/Plugins/Experimental/Phya/Phya.uplugin" 19
"../../../Engine/Plugins/Experimental/SimpleHMD/SimpleHMD.uplugin" 20
"../../../Engine/Plugins/Experimental/SteamVR/SteamVR.uplugin" 21
"../../../Engine/Plugins/Media/AndroidMedia/AndroidMedia.uplugin" 22
"../../../Engine/Plugins/Media/AvfMedia/AvfMedia.uplugin" 23
"../../../Engine/Plugins/Media/MediaPlayerEditor/MediaPlayerEditor.uplugin" 24
"../../../Engine/Plugins/Media/WmfMedia/WmfMedia.uplugin" 25
"../../../Engine/Plugins/Messaging/MessagingDebugger/MessagingDebugger.uplugin" 26
"../../../Engine/Plugins/Messaging/ShmMessaging/ShmMessaging.uplugin" 27
"../../../Engine/Plugins/Messaging/UdpMessaging/UdpMessaging.uplugin" 28
"../../../Engine/Plugins/Runtime/Advertising/IOSTapJoy/IOSTapJoy.uplugin" 29
"../../../Engine/Plugins/Runtime/Analytics/AnalyticsBlueprintLibrary/AnalyticsBlueprintLibrary.uplugin" 30
"../../../Engine/Plugins/Runtime/Analytics/Apsalar/IOSApsalar/IOSApsalar.uplugin" 31
"../../../Engine/Plugins/Runtime/Analytics/FileLogging/FileLogging.uplugin" 32
"../../../Engine/Plugins/Runtime/AndroidDeviceProfileSelector/AndroidDeviceProfileSelector.uplugin" 33
"../../../Engine/Plugins/Runtime/AndroidMoviePlayer/AndroidMoviePlayer.uplugin" 34
"../../../Engine/Plugins/Runtime/AppleMoviePlayer/AppleMoviePlayer.uplugin" 35
"../../../Engine/Plugins/Runtime/CableComponent/CableComponent.uplugin" 36
"../../../Engine/Plugins/Runtime/CustomMeshComponent/CustomMeshComponent.uplugin" 37
"../../../Engine/Plugins/Runtime/ExampleDeviceProfileSelector/ExampleDeviceProfileSelector.uplugin" 38
"../../../Engine/Plugins/Runtime/GearVR/GearVR.uplugin" 39
"../../../Engine/Plugins/Runtime/IOSDeviceProfileSelector/IOSDeviceProfileSelector.uplugin" 40
"../../../Engine/Plugins/Runtime/LiveEditorListenServer/LiveEditorListenServer.uplugin" 41
"../../../Engine/Plugins/Runtime/OculusRift/OculusRift.uplugin" 42
"../../../Engine/Plugins/Runtime/SoundMod/SoundMod.uplugin" 43
"../../../Engine/Plugins/Runtime/SoundVisualizations/SoundVisualizations.uplugin" 44
"../../../Engine/Plugins/Runtime/TwitchLiveStreaming/TwitchLiveStreaming.uplugin" 45
"../../../Engine/Plugins/Runtime/WindowsDeviceProfileSelector/WindowsDeviceProfileSelector.uplugin" 46
"../../../Engine/Plugins/Runtime/WindowsMoviePlayer/WindowsMoviePlayer.uplugin" 47
"../../../Engine/Plugins/ScriptGeneratorPlugin/ScriptGeneratorPlugin.uplugin" 48
"../../../Engine/Plugins/ScriptPlugin/ScriptPlugin.uplugin" 49
"../../../Engine/Plugins/Slate/SlateRemote/SlateRemote.uplugin" 50
"../../../../../../Users/Alex/Documents/Unreal Projects/GamesProject/Plugins/VictoryPlugin/VictoryPlugin.uplugin" 51
"..\..\..\Engine\Content\Internationalization\icudt53l\cnvalias.icu" 52
"..\..\..\Engine\Content\Internationalization\icudt53l\en_US_POSIX.res" 53
"..\..\..\Engine\Content\Internationalization\icudt53l\pool.res" 54
"..\..\..\Engine\Content\Internationalization\icudt53l\en_US.res" 55
"..\..\..\Engine\Content\Internationalization\icudt53l\en.res" 56
"..\..\..\Engine\Content\Internationalization\icudt53l\root.res" 57
"..\..\..\Engine\Content\Internationalization\icudt53l\coll\ucadata.icu" 58
"..\..\..\Engine\Content\Internationalization\icudt53l\nfc.nrm" 59
"..\..\..\Engine\Content\Internationalization\icudt53l\coll\en_US_POSIX.res" 60
"..\..\..\Engine\Content\Internationalization\icudt53l\coll\en_US.res" 61
"..\..\..\Engine\Content\Internationalization\icudt53l\coll\en.res" 62
"..\..\..\Engine\Content\Internationalization\icudt53l\coll\root.res" 63
"..\..\..\Engine\Content\Internationalization\icudt53l\numberingSystems.res" 64
"..\..\..\Engine\Content\Internationalization\icudt53l\curr\supplementalData.res" 65
"..\..\..\Engine\Content\Internationalization\icudt53l\curr\pool.res" 66
"..\..\..\Engine\Content\Internationalization\icudt53l\curr\en.res" 67
"..\..\..\Engine\Content\Internationalization\icudt53l\curr\root.res" 68
"..\..\..\Engine\Content\Internationalization\icudt53l\en_GB.res" 69
"..\..\..\Engine\Content\Internationalization\icudt53l\en_001.res" 70
"..\..\..\Engine\Content\Internationalization\icudt53l\plurals.res" 71
"..\..\..\Engine\Content\Internationalization\icudt53l\windowsZones.res" 72
"..\..\..\Engine\Content\Internationalization\icudt53l\zoneinfo64.res" 73
"..\..\..\Engine\Content\Internationalization\icudt53l\keyTypeData.res" 74
"..\..\..\Engine\Content\Internationalization\icudt53l\timezoneTypes.res" 75
"..\..\..\Engine\Content\Internationalization\icudt53l\supplementalData.res" 76
"..\..\..\Engine\Content\Internationalization\icudt53l\likelySubtags.res" 77
"..\..\..\Engine\Content\Internationalization\icudt53l\curr\en_GB.res" 78
"..\..\..\Engine\Content\Internationalization\icudt53l\curr\en_001.res" 79
"../../../Engine/Config/Base.ini" 80
"../../../Engine/Config/BaseEngine.ini" 81
"../../../../../../Users/Alex/Documents/Unreal Projects/GamesProject/Config/DefaultEngine.ini" 82
"../../../Engine/Config/Windows/WindowsEngine.ini" 83
"C:/Users/Alex/Documents/Unreal Projects/GamesProject/Saved/Config/Windows/Engine.ini" 84
"../../../../../../Users/Alex/Documents/Unreal Projects/GamesProject/Intermediate/Config/CoalescedSourceConfigs/Engine.ini" 85
"../../../Engine/Config/BaseGame.ini" 86
"C:/Users/Alex/Documents/Unreal Projects/GamesProject/Saved/Config/Windows/Game.ini" 87
"../../../../../../Users/Alex/Documents/Unreal Projects/GamesProject/Intermediate/Config/CoalescedSourceConfigs/Game.ini" 88
"../../../Engine/Config/BaseInput.ini" 89
"../../../../../../Users/Alex/Documents/Unreal Projects/GamesProject/Config/DefaultInput.ini" 90
"C:/Users/Alex/Documents/Unreal Projects/GamesProject/Saved/Config/Windows/Input.ini" 91
"../../../../../../Users/Alex/Documents/Unreal Projects/GamesProject/Intermediate/Config/CoalescedSourceConfigs/Input.ini" 92
"../../../Engine/Config/BaseEditor.ini" 93
"../../../../../../Users/Alex/Documents/Unreal Projects/GamesProject/Config/DefaultEditor.ini" 94
"C:/Users/Alex/Documents/Unreal Projects/GamesProject/Saved/Config/Windows/Editor.ini" 95
"../../../../../../Users/Alex/Documents/Unreal Projects/GamesProject/Intermediate/Config/CoalescedSourceConfigs/Editor.ini" 96
"../../../Engine/Config/BaseEditorLayout.ini" 97
"C:/Users/Alex/Documents/Unreal Projects/GamesProject/Saved/Config/Windows/EditorLayout.ini" 98
"../../../../../../Users/Alex/Documents/Unreal Projects/GamesProject/Intermediate/Config/CoalescedSourceConfigs/EditorLayout.ini" 99
"../../../Engine/Config/BaseEditorUserSettings.ini" 100
"C:/Users/Alex/Documents/Unreal Projects/GamesProject/Saved/Config/Windows/EditorUserSettings.ini" 101
"../../../../../../Users/Alex/Documents/Unreal Projects/GamesProject/Intermediate/Config/CoalescedSourceConfigs/EditorUserSettings.ini" 102
"../../../Engine/Config/BaseEditorKeyBindings.ini" 103
"C:/Users/Alex/Documents/Unreal Projects/GamesProject/Saved/Config/Windows/EditorKeyBindings.ini" 104
"../../../../../../Users/Alex/Documents/Unreal Projects/GamesProject/Intermediate/Config/CoalescedSourceConfigs/EditorKeyBindings.ini" 105
"../../../Engine/Config/BaseCompat.ini" 106
"C:/Users/Alex/Documents/Unreal Projects/GamesProject/Saved/Config/Windows/Compat.ini" 107
"../../../../../../Users/Alex/Documents/Unreal Projects/GamesProject/Intermediate/Config/CoalescedSourceConfigs/Compat.ini" 108
"../../../Engine/Config/BaseLightmass.ini" 109
"C:/Users/Alex/Documents/Unreal Projects/GamesProject/Saved/Config/Windows/Lightmass.ini" 110
"../../../../../../Users/Alex/Documents/Unreal Projects/GamesProject/Intermediate/Config/CoalescedSourceConfigs/Lightmass.ini" 111
"../../../Engine/Config/BaseScalability.ini" 112
"C:/Users/Alex/Documents/Unreal Projects/GamesProject/Saved/Config/Windows/Scalability.ini" 113
"../../../../../../Users/Alex/Documents/Unreal Projects/GamesProject/Intermediate/Config/CoalescedSourceConfigs/Scalability.ini" 114
"C:/Users/Alex/Documents/Unreal Projects/GamesProject/Saved/Config/Windows/GameUserSettings.ini" 115
"../../../../../../Users/Alex/Documents/Unreal Projects/GamesProject/Intermediate/Config/CoalescedSourceConfigs/GameUserSettings.ini" 116
"../../../Engine/Config/BaseDeviceProfiles.ini" 117
"C:/Users/Alex/Documents/Unreal Projects/GamesProject/Saved/Config/Windows/DeviceProfiles.ini" 118
"../../../../../../Users/Alex/Documents/Unreal Projects/GamesProject/Intermediate/Config/CoalescedSourceConfigs/DeviceProfiles.ini" 119
"../../../Engine/Config/ConsoleVariables.ini" 120
"..\..\..\Engine\Content\Internationalization\icudt53l\es.res" 121
"..\..\..\Engine\Content\Internationalization\icudt53l\coll\es.res" 122
"..\..\..\Engine\Content\Internationalization\icudt53l\curr\es.res" 123
"..\..\..\Engine\Content\Internationalization\icudt53l\es_ES.res" 124
"..\..\..\Engine\Content\Internationalization\icudt53l\ja.res" 125
"..\..\..\Engine\Content\Internationalization\icudt53l\coll\ja.res" 126
"..\..\..\Engine\Content\Internationalization\icudt53l\curr\ja.res" 127
"..\..\..\Engine\Content\Internationalization\icudt53l\ja_JP.res" 128
"..\..\..\Engine\Content\Internationalization\icudt53l\ko.res" 129
"..\..\..\Engine\Content\Internationalization\icudt53l\coll\ko.res" 130
"..\..\..\Engine\Content\Internationalization\icudt53l\curr\ko.res" 131
"..\..\..\Engine\Content\Internationalization\icudt53l\ko_KR.res" 132
"..\..\..\Engine\Content\Internationalization\icudt53l\pt_BR.res" 133
"..\..\..\Engine\Content\Internationalization\icudt53l\pt.res" 134
"..\..\..\Engine\Content\Internationalization\icudt53l\coll\pt.res" 135
"..\..\..\Engine\Content\Internationalization\icudt53l\curr\pt.res" 136
"..\..\..\Engine\Content\Internationalization\icudt53l\zh_CN.res" 137
"..\..\..\Engine\Content\Internationalization\icudt53l\zh_Hans_CN.res" 138
"..\..\..\Engine\Content\Internationalization\icudt53l\zh_Hans.res" 139
"..\..\..\Engine\Content\Internationalization\icudt53l\zh.res" 140
"..\..\..\Engine\Content\Internationalization\icudt53l\coll\zh_CN.res" 141
"..\..\..\Engine\Content\Internationalization\icudt53l\coll\zh_Hans_CN.res" 142
"..\..\..\Engine\Content\Internationalization\icudt53l\coll\zh_Hans.res" 143
"..\..\..\Engine\Content\Internationalization\icudt53l\coll\zh.res" 144
"..\..\..\Engine\Content\Internationalization\icudt53l\curr\zh_CN.res" 145
"..\..\..\Engine\Content\Internationalization\icudt53l\curr\zh_Hans_CN.res" 146
"..\..\..\Engine\Content\Internationalization\icudt53l\curr\zh_Hans.res" 147
"..\..\..\Engine\Content\Internationalization\icudt53l\curr\zh.res" 148
"C:/Program Files/Epic Games/4.7/Engine/Content/Localization/Editor/en/Editor.locres" 149
"C:/Program Files/Epic Games/4.7/Engine/Content/Localization/EditorTutorials/en/EditorTutorials.locres" 150
"C:/Program Files/Epic Games/4.7/Engine/Content/Localization/Engine/en/Engine.locres" 151
"../../../Engine/Content/Slate/Fonts/Roboto-Regular.ttf" 152
"../../../Engine/Content/Slate/Fonts/DroidSansMono.ttf" 153
"../../../Engine/Content/Slate/Fonts/Roboto-Bold.ttf" 154
"../../../Engine/Content/Slate/Fonts/Roboto-Light.ttf" 155
"C:/Program Files/Epic Games/4.7/Engine/Binaries/Win64/../../../Engine/Shaders/ParticleSpriteVertexFactory.usf" 156
"C:/Program Files/Epic Games/4.7/Engine/Binaries/Win64/../../../Engine/Shaders/VertexFactoryCommon.usf" 157
"C:/Program Files/Epic Games/4.7/Engine/Binaries/Win64/../../../Engine/Shaders/Common.usf" 158
"C:/Program Files/Epic Games/4.7/Engine/Binaries/Win64/../../../Engine/Shaders/MetalCommon.usf" 159
"C:/Program Files/Epic Games/4.7/Engine/Binaries/Win64/../../../Engine/Shaders/ShaderVersion.usf" 160
"C:/Program Files/Epic Games/4.7/Engine/Binaries/Win64/../../../Engine/Shaders/Definitions.usf" 161
"C:/Program Files/Epic Games/4.7/Engine/Binaries/Win64/../../../Engine/Shaders/Random.usf" 162
"C:/Program Files/Epic Games/4.7/Engine/Binaries/Win64/../../../Engine/Shaders/ParticleVertexFactoryCommon.usf" 163
"C:/Program Files/Epic Games/4.7/Engine/Binaries/Win64/../../../Engine/Shaders/ParticleGPUSpriteVertexFactory.usf" 164
"C:/Program Files/Epic Games/4.7/Engine/Binaries/Win64/../../../Engine/Shaders/ParticleBeamTrailVertexFactory.usf" 165
"C:/Program Files/Epic Games/4.7/Engine/Binaries/Win64/../../../Engine/Shaders/VectorFieldVisualizationVertexFactory.usf" 166
"C:/Program Files/Epic Games/4.7/Engine/Binaries/Win64/../../../Engine/Shaders/LocalVertexFactory.usf" 167
"C:/Program Files/Epic Games/4.7/Engine/Binaries/Win64/../../../Engine/Shaders/LocalVertexFactoryCommon.usf" 168
"C:/Program Files/Epic Games/4.7/Engine/Binaries/Win64/../../../Engine/Shaders/MeshParticleVertexFactory.usf" 169
"C:/Program Files/Epic Games/4.7/Engine/Binaries/Win64/../../../Engine/Shaders/GpuSkinVertexFactory.usf" 170
"C:/Program Files/Epic Games/4.7/Engine/Binaries/Win64/../../../Engine/Shaders/GpuSkinCacheCommon.usf" 171
"C:/Program Files/Epic Games/4.7/Engine/Binaries/Win64/../../../Engine/Shaders/LandscapeVertexFactory.usf" 172
"C:/Program Files/Epic Games/4.7/Engine/Binaries/Win64/../../../Engine/Shaders/SlateElementPixelShader.usf" 173
"C:/Program Files/Epic Games/4.7/Engine/Binaries/Win64/../../../Engine/Shaders/MaterialTemplate.usf" 174
"C:/Program Files/Epic Games/4.7/Engine/Binaries/Win64/../../../Engine/Shaders/DepthOfFieldCommon.usf" 175
"C:/Program Files/Epic Games/4.7/Engine/Binaries/Win64/../../../Engine/Shaders/SpeedTreeCommon.usf" 176
"C:/Program Files/Epic Games/4.7/Engine/Binaries/Win64/../../../Engine/Shaders/AtmosphereCommon.usf" 177
"C:/Program Files/Epic Games/4.7/Engine/Binaries/Win64/../../../Engine/Shaders/PostProcessCommon.usf" 178
"C:/Program Files/Epic Games/4.7/Engine/Binaries/Win64/../../../Engine/Shaders/DeferredShadingCommon.usf" 179
"C:/Program Files/Epic Games/4.7/Engine/Binaries/Win64/../../../Engine/Shaders/LightAccumulator.usf" 180
"C:/Program Files/Epic Games/4.7/Engine/Binaries/Win64/../../../Engine/Shaders/SlateVertexShader.usf" 181
"C:/Program Files/Epic Games/4.7/Engine/Binaries/Win64/../../../Engine/Shaders/OneColorShader.usf" 182
"C:/Program Files/Epic Games/4.7/Engine/Binaries/Win64/../../../Engine/Shaders/ResolveVertexShader.usf" 183
"C:/Program Files/Epic Games/4.7/Engine/Binaries/Win64/../../../Engine/Shaders/ResolvePixelShader.usf" 184
"C:/Program Files/Epic Games/4.7/Engine/Binaries/Win64/../../../Engine/Shaders/VisualizeTexture.usf" 185
"C:/Program Files/Epic Games/4.7/Engine/Binaries/Win64/../../../Engine/Shaders/ScreenSpaceReflections.usf" 186
"C:/Program Files/Epic Games/4.7/Engine/Binaries/Win64/../../../Engine/Shaders/BRDF.usf" 187
"C:/Program Files/Epic Games/4.7/Engine/Binaries/Win64/../../../Engine/Shaders/MonteCarlo.usf" 188
"C:/Program Files/Epic Games/4.7/Engine/Binaries/Win64/../../../Engine/Shaders/FilterVertexShader.usf" 189
"C:/Program Files/Epic Games/4.7/Engine/Binaries/Win64/../../../Engine/Shaders/FilterPixelShader.usf" 190
"C:/Program Files/Epic Games/4.7/Engine/Binaries/Win64/../../../Engine/Shaders/PostProcessVisualizeHDR.usf" 191
"C:/Program Files/Epic Games/4.7/Engine/Binaries/Win64/../../../Engine/Shaders/PostProcessHistogramCommon.usf" 192
"C:/Program Files/Epic Games/4.7/Engine/Binaries/Win64/../../../Engine/Shaders/TonemapCommon.usf" 193
"C:/Program Files/Epic Games/4.7/Engine/Binaries/Win64/../../../Engine/Shaders/MiniFontCommon.usf" 194
"C:/Program Files/Epic Games/4.7/Engine/Binaries/Win64/../../../Engine/Shaders/PostProcessVisualizeBuffer.usf" 195
"C:/Program Files/Epic Games/4.7/Engine/Binaries/Win64/../../../Engine/Shaders/PostProcessUpscale.usf" 196
"C:/Program Files/Epic Games/4.7/Engine/Binaries/Win64/../../../Engine/Shaders/PostProcessTonemap.usf" 197
"C:/Program Files/Epic Games/4.7/Engine/Binaries/Win64/../../../Engine/Shaders/PostProcessTestImage.usf" 198
"C:/Program Files/Epic Games/4.7/Engine/Binaries/Win64/../../../Engine/Shaders/PostProcessTemporalAA.usf" 199
"C:/Program Files/Epic Games/4.7/Engine/Binaries/Win64/../../../Engine/Shaders/PostProcessTemporalCommon.usf" 200
"C:/Program Files/Epic Games/4.7/Engine/Binaries/Win64/../../../Engine/Shaders/PostProcessSubsurface.usf" 201
"C:/Program Files/Epic Games/4.7/Engine/Binaries/Win64/../../../Engine/Shaders/SeparableSSS.usf" 202
"C:/Program Files/Epic Games/4.7/Engine/Binaries/Win64/../../../Engine/Shaders/PostProcessSelectionOutline.usf" 203
"C:/Program Files/Epic Games/4.7/Engine/Binaries/Win64/../../../Engine/Shaders/PostProcessSceneColorFringe.usf" 204
"C:/Program Files/Epic Games/4.7/Engine/Binaries/Win64/../../../Engine/Shaders/PostProcessNoiseBlur.usf" 205
"C:/Program Files/Epic Games/4.7/Engine/Binaries/Win64/../../../Engine/Shaders/PostProcessMotionBlur.usf" 206
"C:/Program Files/Epic Games/4.7/Engine/Binaries/Win64/../../../Engine/Shaders/PostProcessMobile.usf" 207
"C:/Program Files/Epic Games/4.7/Engine/Binaries/Win64/../../../Engine/Shaders/PostProcessMaterialShaders.usf" 208
"C:/Program Files/Epic Games/4.7/Engine/Binaries/Win64/../../../Engine/Shaders/PostProcessLensFlares.usf" 209
"C:/Program Files/Epic Games/4.7/Engine/Binaries/Win64/../../../Engine/Shaders/PostProcessLensBlur.usf" 210
"C:/Program Files/Epic Games/4.7/Engine/Binaries/Win64/../../../Engine/Shaders/PostProcessBloom.usf" 211
"C:/Program Files/Epic Games/4.7/Engine/Binaries/Win64/../../../Engine/Shaders/PostProcessHMD.usf" 212
"C:/Program Files/Epic Games/4.7/Engine/Binaries/Win64/../../../Engine/Shaders/PostProcessHistogramReduce.usf" 213
"C:/Program Files/Epic Games/4.7/Engine/Binaries/Win64/../../../Engine/Shaders/PostProcessHistogram.usf" 214
"C:/Program Files/Epic Games/4.7/Engine/Binaries/Win64/../../../Engine/Shaders/PostProcessGBufferHints.usf" 215
"C:/Program Files/Epic Games/4.7/Engine/Binaries/Win64/../../../Engine/Shaders/PostProcessEyeAdaptation.usf" 216
"C:/Program Files/Epic Games/4.7/Engine/Binaries/Win64/../../../Engine/Shaders/PostProcessDownsample.usf" 217
"C:/Program Files/Epic Games/4.7/Engine/Binaries/Win64/../../../Engine/Shaders/PostProcessDOF.usf" 218
"C:/Program Files/Epic Games/4.7/Engine/Binaries/Win64/../../../Engine/Shaders/PostProcessCompositeEditorPrimitives.usf" 219
"C:/Program Files/Epic Games/4.7/Engine/Binaries/Win64/../../../Engine/Shaders/PostProcessCombineLUTs.usf" 220
"C:/Program Files/Epic Games/4.7/Engine/Binaries/Win64/../../../Engine/Shaders/PostProcessBusyWait.usf" 221
"C:/Program Files/Epic Games/4.7/Engine/Binaries/Win64/../../../Engine/Shaders/PostProcessBokehDOF.usf" 222
"C:/Program Files/Epic Games/4.7/Engine/Binaries/Win64/../../../Engine/Shaders/FXAAShader.usf" 223
"C:/Program Files/Epic Games/4.7/Engine/Binaries/Win64/../../../Engine/Shaders/Fxaa3_11.usf" 224
"C:/Program Files/Epic Games/4.7/Engine/Binaries/Win64/../../../Engine/Shaders/PostProcessPassThrough.usf" 225
"C:/Program Files/Epic Games/4.7/Engine/Binaries/Win64/../../../Engine/Shaders/PostProcessLpvIndirect.usf" 226
"C:/Program Files/Epic Games/4.7/Engine/Binaries/Win64/../../../Engine/Shaders/DeferredLightingCommon.usf" 227
"C:/Program Files/Epic Games/4.7/Engine/Binaries/Win64/../../../Engine/Shaders/DynamicLightingCommon.usf" 228
"C:/Program Files/Epic Games/4.7/Engine/Binaries/Win64/../../../Engine/Shaders/IESLightProfilesCommon.usf" 229
"C:/Program Files/Epic Games/4.7/Engine/Binaries/Win64/../../../Engine/Shaders/LPVFinalPass.usf" 230
"C:/Program Files/Epic Games/4.7/Engine/Binaries/Win64/../../../Engine/Shaders/LPVCommon.usf" 231
"C:/Program Files/Epic Games/4.7/Engine/Binaries/Win64/../../../Engine/Shaders/DeferredDecal.usf" 232
"C:/Program Files/Epic Games/4.7/Engine/Binaries/Win64/../../../Engine/Shaders/PostProcessAmbientOcclusion.usf" 233
"C:/Program Files/Epic Games/4.7/Engine/Binaries/Win64/../../../Engine/Shaders/PostProcessAmbient.usf" 234
"C:/Program Files/Epic Games/4.7/Engine/Binaries/Win64/../../../Engine/Shaders/CubemapCommon.usf" 235
"C:/Program Files/Epic Games/4.7/Engine/Binaries/Win64/../../../Engine/Shaders/VelocityShader.usf" 236
"C:/Program Files/Epic Games/4.7/Engine/Binaries/Win64/../../../Engine/Shaders/Tessellation.usf" 237
"C:/Program Files/Epic Games/4.7/Engine/Binaries/Win64/../../../Engine/Shaders/FlatTessellation.usf" 238
"C:/Program Files/Epic Games/4.7/Engine/Binaries/Win64/../../../Engine/Shaders/PNTriangles.usf" 239
"C:/Program Files/Epic Games/4.7/Engine/Binaries/Win64/../../../Engine/Shaders/TranslucentLightingShaders.usf" 240
"C:/Program Files/Epic Games/4.7/Engine/Binaries/Win64/../../../Engine/Shaders/SHCommon.usf" 241
"C:/Program Files/Epic Games/4.7/Engine/Binaries/Win64/../../../Engine/Shaders/ShadowProjectionCommon.usf" 242
"C:/Program Files/Epic Games/4.7/Engine/Binaries/Win64/../../../Engine/Shaders/TranslucentLightInjectionShaders.usf" 243
"C:/Program Files/Epic Games/4.7/Engine/Binaries/Win64/../../../Engine/Shaders/LightFunctionCommon.usf" 244
"C:/Program Files/Epic Games/4.7/Engine/Binaries/Win64/../../../Engine/Shaders/TranslucentShadowDepthShaders.usf" 245
"C:/Program Files/Epic Games/4.7/Engine/Binaries/Win64/../../../Engine/Shaders/ShadowDepthCommon.usf" 246
"C:/Program Files/Epic Games/4.7/Engine/Binaries/Win64/../../../Engine/Shaders/TiledDeferredLightShaders.usf" 247
"C:/Program Files/Epic Games/4.7/Engine/Binaries/Win64/../../../Engine/Shaders/ShadowProjectionPixelShader.usf" 248
"C:/Program Files/Epic Games/4.7/Engine/Binaries/Win64/../../../Engine/Shaders/ShadowFilteringCommon.usf" 249
"C:/Program Files/Epic Games/4.7/Engine/Binaries/Win64/../../../Engine/Shaders/ShadowProjectionVertexShader.usf" 250
"C:/Program Files/Epic Games/4.7/Engine/Binaries/Win64/../../../Engine/Shaders/ShadowDepthPixelShader.usf" 251
"C:/Program Files/Epic Games/4.7/Engine/Binaries/Win64/../../../Engine/Shaders/LPVWriteVplCommon.usf" 252
"C:/Program Files/Epic Games/4.7/Engine/Binaries/Win64/../../../Engine/Shaders/LPVWriteCommon.usf" 253
"C:/Program Files/Epic Games/4.7/Engine/Binaries/Win64/../../../Engine/Shaders/ShadowDepthVertexShader.usf" 254
"C:/Program Files/Epic Games/4.7/Engine/Binaries/Win64/../../../Engine/Shaders/ShaderComplexityApplyPixelShader.usf" 255
"C:/Program Files/Epic Games/4.7/Engine/Binaries/Win64/../../../Engine/Shaders/ShaderComplexityApplyVertexShader.usf" 256
"C:/Program Files/Epic Games/4.7/Engine/Binaries/Win64/../../../Engine/Shaders/ShaderComplexityAccumulatePixelShader.usf" 257
"C:/Program Files/Epic Games/4.7/Engine/Binaries/Win64/../../../Engine/Shaders/HZBOcclusion.usf" 258
"C:/Program Files/Epic Games/4.7/Engine/Binaries/Win64/../../../Engine/Shaders/OcclusionQueryVertexShader.usf" 259
"C:/Program Files/Epic Games/4.7/Engine/Binaries/Win64/../../../Engine/Shaders/HitProxyPixelShader.usf" 260
"C:/Program Files/Epic Games/4.7/Engine/Binaries/Win64/../../../Engine/Shaders/HitProxyVertexShader.usf" 261
"C:/Program Files/Epic Games/4.7/Engine/Binaries/Win64/../../../Engine/Shaders/ReflectionEnvironmentShaders.usf" 262
"C:/Program Files/Epic Games/4.7/Engine/Binaries/Win64/../../../Engine/Shaders/ReflectionEnvironmentShared.usf" 263
"C:/Program Files/Epic Games/4.7/Engine/Binaries/Win64/../../../Engine/Shaders/SkyLightingShared.usf" 264
"C:/Program Files/Epic Games/4.7/Engine/Binaries/Win64/../../../Engine/Shaders/ReflectionEnvironmentComputeShaders.usf" 265
"C:/Program Files/Epic Games/4.7/Engine/Binaries/Win64/../../../Engine/Shaders/LightShaftShader.usf" 266
"C:/Program Files/Epic Games/4.7/Engine/Binaries/Win64/../../../Engine/Shaders/StationaryLightOverlapShaders.usf" 267
"C:/Program Files/Epic Games/4.7/Engine/Binaries/Win64/../../../Engine/Shaders/DeferredLightPixelShaders.usf" 268
"C:/Program Files/Epic Games/4.7/Engine/Binaries/Win64/../../../Engine/Shaders/DeferredLightVertexShaders.usf" 269
"C:/Program Files/Epic Games/4.7/Engine/Binaries/Win64/../../../Engine/Shaders/LPVVisualise.usf" 270
"C:/Program Files/Epic Games/4.7/Engine/Binaries/Win64/../../../Engine/Shaders/LPVGeometryVolumeCommon.usf" 271
"C:/Program Files/Epic Games/4.7/Engine/Binaries/Win64/../../../Engine/Shaders/LPVDirectLightInject.usf" 272
"C:/Program Files/Epic Games/4.7/Engine/Binaries/Win64/../../../Engine/Shaders/LPVPropagate.usf" 273
"C:/Program Files/Epic Games/4.7/Engine/Binaries/Win64/../../../Engine/Shaders/LPVBuildGeometryVolume.usf" 274
"C:/Program Files/Epic Games/4.7/Engine/Binaries/Win64/../../../Engine/Shaders/LPVInject_AccumulateVplLists.usf" 275
"C:/Program Files/Epic Games/4.7/Engine/Binaries/Win64/../../../Engine/Shaders/LPVInject_GenerateVplLists.usf" 276
"C:/Program Files/Epic Games/4.7/Engine/Binaries/Win64/../../../Engine/Shaders/LPVClearLists.usf" 277
"C:/Program Files/Epic Games/4.7/Engine/Binaries/Win64/../../../Engine/Shaders/LPVClear.usf" 278
"C:/Program Files/Epic Games/4.7/Engine/Binaries/Win64/../../../Engine/Shaders/LightMapDensityShader.usf" 279
"C:/Program Files/Epic Games/4.7/Engine/Binaries/Win64/../../../Engine/Shaders/LightFunctionPixelShader.usf" 280
"C:/Program Files/Epic Games/4.7/Engine/Binaries/Win64/../../../Engine/Shaders/LightFunctionVertexShader.usf" 281
"C:/Program Files/Epic Games/4.7/Engine/Binaries/Win64/../../../Engine/Shaders/HdrCustomResolveShaders.usf" 282
"C:/Program Files/Epic Games/4.7/Engine/Binaries/Win64/../../../Engine/Shaders/GPUBenchmark.usf" 283
"C:/Program Files/Epic Games/4.7/Engine/Binaries/Win64/../../../Engine/Shaders/GammaCorrection.usf" 284
"C:/Program Files/Epic Games/4.7/Engine/Binaries/Win64/../../../Engine/Shaders/BasePassForForwardShadingPixelShader.usf" 285
"C:/Program Files/Epic Games/4.7/Engine/Binaries/Win64/../../../Engine/Shaders/BasePassForForwardShadingCommon.usf" 286
"C:/Program Files/Epic Games/4.7/Engine/Binaries/Win64/../../../Engine/Shaders/LightmapCommon.usf" 287
"C:/Program Files/Epic Games/4.7/Engine/Binaries/Win64/../../../Engine/Shaders/BasePassForForwardShadingVertexShader.usf" 288
"C:/Program Files/Epic Games/4.7/Engine/Binaries/Win64/../../../Engine/Shaders/HeightFogCommon.usf" 289
"C:/Program Files/Epic Games/4.7/Engine/Binaries/Win64/../../../Engine/Shaders/HeightFogPixelShader.usf" 290
"C:/Program Files/Epic Games/4.7/Engine/Binaries/Win64/../../../Engine/Shaders/HeightFogVertexShader.usf" 291
"C:/Program Files/Epic Games/4.7/Engine/Binaries/Win64/../../../Engine/Shaders/DistortAccumulatePS.usf" 292
"C:/Program Files/Epic Games/4.7/Engine/Binaries/Win64/../../../Engine/Shaders/DistortAccumulateVS.usf" 293
"C:/Program Files/Epic Games/4.7/Engine/Binaries/Win64/../../../Engine/Shaders/DistortApplyScreenPS.usf" 294
"C:/Program Files/Epic Games/4.7/Engine/Binaries/Win64/../../../Engine/Shaders/DistanceFieldSurfaceCacheLighting.usf" 295
"C:/Program Files/Epic Games/4.7/Engine/Binaries/Win64/../../../Engine/Shaders/DistanceFieldLightingShared.usf" 296
"C:/Program Files/Epic Games/4.7/Engine/Binaries/Win64/../../../Engine/Shaders/DistanceFieldAOShared.usf" 297
"C:/Program Files/Epic Games/4.7/Engine/Binaries/Win64/../../../Engine/Shaders/SkyLighting.usf" 298
"C:/Program Files/Epic Games/4.7/Engine/Binaries/Win64/../../../Engine/Shaders/DistanceFieldSurfaceCacheLightingCompute.usf" 299
"C:/Program Files/Epic Games/4.7/Engine/Binaries/Win64/../../../Engine/Shaders/DistanceFieldShadowing.usf" 300
"C:/Program Files/Epic Games/4.7/Engine/Binaries/Win64/../../../Engine/Shaders/DepthOnlyPixelShader.usf" 301
"C:/Program Files/Epic Games/4.7/Engine/Binaries/Win64/../../../Engine/Shaders/DepthOnlyVertexShader.usf" 302
"C:/Program Files/Epic Games/4.7/Engine/Binaries/Win64/../../../Engine/Shaders/PositionOnlyDepthVertexShader.usf" 303
"C:/Program Files/Epic Games/4.7/Engine/Binaries/Win64/../../../Engine/Shaders/DownsampleDepthPixelShader.usf" 304
"C:/Program Files/Epic Games/4.7/Engine/Binaries/Win64/../../../Engine/Shaders/BasePassPixelShader.usf" 305
"C:/Program Files/Epic Games/4.7/Engine/Binaries/Win64/../../../Engine/Shaders/BasePassCommon.usf" 306
"C:/Program Files/Epic Games/4.7/Engine/Binaries/Win64/../../../Engine/Shaders/BasePassVertexShader.usf" 307
"C:/Program Files/Epic Games/4.7/Engine/Binaries/Win64/../../../Engine/Shaders/BasePassVertexCommon.usf" 308
"C:/Program Files/Epic Games/4.7/Engine/Binaries/Win64/../../../Engine/Shaders/BasePassTessellationShaders.usf" 309
"C:/Program Files/Epic Games/4.7/Engine/Binaries/Win64/../../../Engine/Shaders/AtmospherePrecompute.usf" 310
"C:/Program Files/Epic Games/4.7/Engine/Binaries/Win64/../../../Engine/Shaders/AtmospherePrecomputeCommon.usf" 311
"C:/Program Files/Epic Games/4.7/Engine/Binaries/Win64/../../../Engine/Shaders/AtmospherePrecomputeInscatter.usf" 312
"C:/Program Files/Epic Games/4.7/Engine/Binaries/Win64/../../../Engine/Shaders/AtmosphericFogShader.usf" 313
"C:/Program Files/Epic Games/4.7/Engine/Binaries/Win64/../../../Engine/Shaders/ParticleSortKeyGen.usf" 314
"C:/Program Files/Epic Games/4.7/Engine/Binaries/Win64/../../../Engine/Shaders/ParticleBoundsShader.usf" 315
"C:/Program Files/Epic Games/4.7/Engine/Binaries/Win64/../../../Engine/Shaders/ParticleSimVisualizeShader.usf" 316
"C:/Program Files/Epic Games/4.7/Engine/Binaries/Win64/../../../Engine/Shaders/ParticleInjectionShader.usf" 317
"C:/Program Files/Epic Games/4.7/Engine/Binaries/Win64/../../../Engine/Shaders/ParticleSimulationShader.usf" 318
"C:/Program Files/Epic Games/4.7/Engine/Binaries/Win64/../../../Engine/Shaders/ParticleCurveInjectionShader.usf" 319
"C:/Program Files/Epic Games/4.7/Engine/Binaries/Win64/../../../Engine/Shaders/VectorFieldCompositeShaders.usf" 320
"C:/Program Files/Epic Games/4.7/Engine/Binaries/Win64/../../../Engine/Shaders/UpdateTextureShaders.usf" 321
"C:/Program Files/Epic Games/4.7/Engine/Binaries/Win64/../../../Engine/Shaders/SimpleElementColorChannelMaskPixelShader.usf" 322
"C:/Program Files/Epic Games/4.7/Engine/Binaries/Win64/../../../Engine/Shaders/SimpleElementHitProxyPixelShader.usf" 323
"C:/Program Files/Epic Games/4.7/Engine/Binaries/Win64/../../../Engine/Shaders/SimpleElementPixelShader.usf" 324
"C:/Program Files/Epic Games/4.7/Engine/Binaries/Win64/../../../Engine/Shaders/ColorUtils.usf" 325
"C:/Program Files/Epic Games/4.7/Engine/Binaries/Win64/../../../Engine/Shaders/SimpleElementVertexShader.usf" 326
"C:/Program Files/Epic Games/4.7/Engine/Binaries/Win64/../../../Engine/Shaders/ScreenVertexShader.usf" 327
"C:/Program Files/Epic Games/4.7/Engine/Binaries/Win64/../../../Engine/Shaders/ScreenPixelShader.usf" 328
"C:/Program Files/Epic Games/4.7/Engine/Binaries/Win64/../../../Engine/Shaders/RadixSortShaders.usf" 329
"C:/Program Files/Epic Games/4.7/Engine/Binaries/Win64/../../../Engine/Shaders/GpuSkinCacheComputeShader.usf" 330
"C:/Program Files/Epic Games/4.7/Engine/Binaries/Win64/../../../Engine/Shaders/NullPixelShader.usf" 331
"C:/Program Files/Epic Games/4.7/Engine/Binaries/Win64/../../../Engine/Shaders/ClearReplacementShaders.usf" 332
"C:/Program Files/Epic Games/4.7/Engine/Binaries/Win64/../../../Engine/Shaders/SimpleElementTexture2DPreviewPixelShader.usf" 333
"C:/Program Files/Epic Games/4.7/Engine/Binaries/Win64/../../../Engine/Shaders/SimpleElementNormalMapPixelShader.usf" 334
"C:/Program Files/Epic Games/4.7/Engine/Binaries/Win64/../../../Engine/Shaders/meshpaintdilatepixelshader.usf" 335
"C:/Program Files/Epic Games/4.7/Engine/Binaries/Win64/../../../Engine/Shaders/meshpaintdilatevertexshader.usf" 336
"C:/Program Files/Epic Games/4.7/Engine/Binaries/Win64/../../../Engine/Shaders/MeshPaintPixelShader.usf" 337
"C:/Program Files/Epic Games/4.7/Engine/Binaries/Win64/../../../Engine/Shaders/MeshPaintVertexShader.usf" 338
"../../../Engine/Config/Android/AndroidEngine.ini" 339
"../../../Engine/Config/HTML5/HTML5Engine.ini" 340
"../../../Engine/Config/IOS/IOSEngine.ini" 341
"../../../Engine/Config/Linux/LinuxEngine.ini" 342
"C:/Users/Alex/AppData/Local/UnrealEngine/4.7/DerivedDataCache/Boot.ddc" 343
"../../../Engine/DerivedDataCache/Compressed.ddp" 344
"../../../Engine/Content/EditorResources/S_Actor.uasset" 345
"../../../Engine/Content/EditorLandscapeResources/DataLayer.uasset" 346
"../../../Engine/Content/Maps/Templates/Thumbnails/Default.uasset" 347
"../../../Engine/Content/EditorMaterials/ParticleSystems/PSysThumbnail_NoImage.uasset" 348
"../../../Engine/Content/EditorMaterials/ParticleSystems/PSysThumbnail_OOD.uasset" 349
"../../../Engine/Content/EngineFonts/Roboto.uasset" 350
"../../../Engine/Content/EngineMaterials/Widget3DPassThrough_Translucent.uasset" 351
"../../../Engine/Content/EngineMaterials/Widget3DPassThrough.uasset" 352
"../../../Engine/Content/EngineResources/WhiteSquareTexture.uasset" 353
"../../../Engine/Content/Functions/Engine_MaterialFunctions01/Shading/PowerToRoughness.uasset" 354
"../../../Engine/Content/Functions/Engine_MaterialFunctions01/Shading/ConvertFromDiffSpec.uasset" 355
"../../../Engine/Content/EngineMaterials/WorldGridMaterial.uasset" 356
"../../../Engine/Content/Functions/Engine_MaterialFunctions01/Opacity/CameraDepthFade.uasset" 357
"../../../Engine/Content/EngineMaterials/T_Default_Material_Grid_M.uasset" 358
"../../../Engine/Content/EngineMaterials/T_Default_Material_Grid_N.uasset" 359
"../../../Engine/Content/EngineMaterials/DefaultDeferredDecalMaterial.uasset" 360
"../../../Engine/Content/EngineMaterials/DefaultDiffuse.uasset" 361
"../../../Engine/Content/EngineMaterials/DefaultLightFunctionMaterial.uasset" 362
"../../../Engine/Content/EngineMaterials/DefaultPostProcessMaterial.uasset" 363
"../../../Engine/Content/Functions/Engine_MaterialFunctions02/Utility/BreakOutFloat2Components.uasset" 364
"../../../Engine/Content/EngineResources/DefaultTexture.uasset" 365
"../../../Engine/Content/EngineMaterials/Widget3DPassThrough_Translucent_OneSided.uasset" 366
"../../../Engine/Content/EngineMaterials/Widget3DPassThrough_Opaque.uasset" 367
"../../../Engine/Content/EngineMaterials/Widget3DPassThrough_Opaque_OneSided.uasset" 368
"../../../Engine/Content/EngineDamageTypes/DmgTypeBP_Environmental.uasset" 369
"../../../Engine/Content/EngineMeshes/Sphere.uasset" 370
"../../../Engine/Content/EngineFonts/RobotoDistanceField.uasset" 371
"../../../Engine/Content/EngineMaterials/DefaultTextMaterialOpaque.uasset" 372
"../../../Engine/Content/EditorResources/S_Trigger.uasset" 373
"../../../Engine/Content/EngineResources/GradientTexture0.uasset" 374
"../../../Engine/Content/EngineResources/Black.uasset" 375
"../../../Engine/Content/EditorMaterials/MatineeGroups/MAT_Groups_Float.uasset" 376
"../../../Engine/Content/EditorMaterials/MatineeGroups/MAT_Groups_Director.uasset" 377
"../../../Engine/Content/EditorMaterials/MatineeGroups/MAT_Groups_Event.uasset" 378
"../../../Engine/Content/EditorMaterials/MatineeGroups/MAT_Groups_Anim.uasset" 379
"../../../Engine/Content/EditorMaterials/MatineeGroups/MAT_Groups_Fade.uasset" 380
"../../../Engine/Content/EditorMaterials/MatineeGroups/MAT_Groups_Move.uasset" 381
"../../../Engine/Content/EditorMaterials/MatineeGroups/MAT_Groups_Slomo.uasset" 382
"../../../Engine/Content/EditorMaterials/MatineeGroups/MAT_ColorTrack.uasset" 383
"../../../Engine/Content/EditorMaterials/MAT_Groups_Toggle.uasset" 384
"../../../Engine/Content/EditorMaterials/MatineeGroups/MAT_Groups_AudioMaster.uasset" 385
"../../../Engine/Content/EditorMaterials/MatineeGroups/MAT_Groups_Sound.uasset" 386
"../../../Engine/Content/EditorMaterials/MatineeGroups/MAT_Groups_Vector.uasset" 387
"../../../Engine/Content/EditorMaterials/MAT_Groups_Visibility.uasset" 388
"../../../Engine/Content/EngineResources/DefaultTextureCube.uasset" 389
"../../../Engine/Content/EngineSounds/Master.uasset" 390
"../../../Engine/Content/EngineSounds/Music.uasset" 391
"../../../Engine/Content/EngineSounds/SFX.uasset" 392
"../../../Engine/Content/EngineSounds/Normal_Attack.uasset" 393
"../../../Engine/Content/EngineSounds/Special_Attack_PSM.uasset" 394
"../../../Engine/Content/EngineSounds/Duck_Normal_Attack_MixMod.uasset" 395
"../../../Engine/Content/EngineSounds/Voice.uasset" 396
"../../../Engine/Content/EngineMeshes/Cylinder.uasset" 397
"../../../Engine/Content/EngineMaterials/DefaultMaterial.uasset" 398
"../../../Engine/Content/EngineTireTypes/DefaultTireType.uasset" 399
"../../../Engine/Content/Editor/Slate/Fonts/FontAwesome.ttf" 400
"../../../Engine/Content/Editor/Slate/Fonts/DroidSansMono.ttf" 401
"../../../Engine/Content/Editor/Slate/Fonts/Roboto-BoldCondensed.ttf" 402
"../../../Engine/Content/Editor/Slate/Fonts/Roboto-Black.ttf" 403
"../../../Engine/Content/Editor/Slate/Fonts/Roboto-Italic.ttf" 404
"../../../Engine/Content/Editor/Slate/Fonts/Roboto-BoldCondensedItalic.ttf" 405
"../../../Engine/Plugins/2D/Paper2D/Content/MaskedUnlitSpriteMaterial.uasset" 406
"../../../Engine/Plugins/2D/Paper2D/Content/DefaultSpriteMaterial.uasset" 407
"../../../Engine/Plugins/2D/Paper2D/Content/DummySpriteTexture.uasset" 408
"../../../Engine/Plugins/2D/Paper2D/Content/OpaqueUnlitSpriteMaterial.uasset" 409
"../../../Engine/Plugins/2D/Paper2D/Content/DefaultPaperTerrainMaterial.uasset" 410
"../../../Engine/Plugins/2D/Paper2D/Content/DummySprite.uasset" 411
"../../../../../../Users/Alex/Documents/Unreal Projects/GamesProject/Content/Meshes/GP_Cube.uasset" 412
"../../../../../../Users/Alex/Documents/Unreal Projects/GamesProject/Content/Meshes/lambert1.uasset" 413
"C:/Users/Alex/AppData/Local/UnrealEngine/Common/DerivedDataCache/8/5/0/MATSM_85DD00DAF10D45C79D4ED0306AF2628B_PCD3D_SM4_2__BC5N_DEV_SL_NODBUFAA82DC6D__D3ADF2E4F84FCA9470F69F549C618FA5B0F33DE5.udd" 414
"../../../../../../Users/Alex/Documents/Unreal Projects/GamesProject/Content/Materials/M_Book.uasset" 415
"../../../../../../Users/Alex/Documents/Unreal Projects/GamesProject/Content/Materials/books_texture3009.uasset" 416
"C:/Users/Alex/AppData/Local/UnrealEngine/Common/DerivedDataCache/3/8/1/TEXTURE_75F87CE100B546AAB8A1C4132AF9DB17_AUTODXT_B3362EB844AC051AAE539BB618801__742874D00BF7177CD191F29A2AA3466BC34E03D8.udd" 417
"C:/Users/Alex/AppData/Local/UnrealEngine/Common/DerivedDataCache/3/6/7/TEXTURE_75F87CE100B546AAB8A1C4132AF9DB17_AUTODXT_B3362EB844AC051AAE539BB618801__CC8CFFAA09F71340C648B33DE48E93211FDC8B30.udd" 418
"C:/Users/Alex/AppData/Local/UnrealEngine/Common/DerivedDataCache/1/1/0/MATSM_85DD00DAF10D45C79D4ED0306AF2628B_PCD3D_SM4_2__BC5N_DEV_SL_NODBUFEA2EC69D__835EF748E3165118BD911B44A000BDECAC914DA3.udd" 419
"C:/Users/Alex/AppData/Local/UnrealEngine/Common/DerivedDataCache/9/1/3/TEXTURE_75F87CE100B546AAB8A1C4132AF9DB17_AUTODXT_B3362EB844AC051AAE539BB618801__600F69D198088A771DEE81F24090DF58529341B4.udd" 420
"../../../../../../Users/Alex/Documents/Unreal Projects/GamesProject/Content/Materials/M_Book2.uasset" 421
"C:/Users/Alex/AppData/Local/UnrealEngine/Common/DerivedDataCache/7/3/2/TEXTURE_75F87CE100B546AAB8A1C4132AF9DB17_AUTODXT_B3362EB844AC051AAE539BB618801__5532C8B5D002D408E3E94AC0A2061208AE5C82DA.udd" 422
"../../../../../../Users/Alex/Documents/Unreal Projects/GamesProject/Content/Materials/booktexture2.uasset" 423
"C:/Users/Alex/AppData/Local/UnrealEngine/Common/DerivedDataCache/5/5/8/TEXTURE_75F87CE100B546AAB8A1C4132AF9DB17_AUTODXT_6267313442F5EF7E76733193B4C4F__D5834AEBD76A4F9D7ADFC4613A2287D55889FAB5.udd" 424
"C:/Users/Alex/AppData/Local/UnrealEngine/Common/DerivedDataCache/4/3/4/TEXTURE_75F87CE100B546AAB8A1C4132AF9DB17_AUTODXT_6267313442F5EF7E76733193B4C4F__9978AD64772956D00CBF5AB916985BDD01592B4F.udd" 425
"C:/Users/Alex/AppData/Local/UnrealEngine/Common/DerivedDataCache/3/0/0/MATSM_85DD00DAF10D45C79D4ED0306AF2628B_PCD3D_SM4_2__BC5N_DEV_SL_NODBUF9D85984E__3B390BCEDBFCA88E5F85259AB1DA51AF5A718481.udd" 426
"C:/Users/Alex/AppData/Local/UnrealEngine/Common/DerivedDataCache/8/3/9/TEXTURE_75F87CE100B546AAB8A1C4132AF9DB17_AUTODXT_6267313442F5EF7E76733193B4C4F__A3284C98680F02020C700879997EFA3FAE95940A.udd" 427
"C:/Users/Alex/AppData/Local/UnrealEngine/Common/DerivedDataCache/6/4/9/TEXTURE_75F87CE100B546AAB8A1C4132AF9DB17_AUTODXT_6267313442F5EF7E76733193B4C4F__C1390B3A55A6AAD9EB2A8FBB34E0EC0752FFA4EF.udd" 428
"../../../../../../Users/Alex/Documents/Unreal Projects/GamesProject/Content/Materials/Red.uasset" 429
"C:/Users/Alex/AppData/Local/UnrealEngine/Common/DerivedDataCache/4/4/7/MATSM_85DD00DAF10D45C79D4ED0306AF2628B_PCD3D_SM4_2__BC5N_DEV_SL_NODBUF8480FFDB__5DDF3937C899E8245115A3C085319E443634C7E8.udd" 430
"../../../../../../Users/Alex/Documents/Unreal Projects/GamesProject/Content/Materials/Green.uasset" 431
"C:/Users/Alex/AppData/Local/UnrealEngine/Common/DerivedDataCache/1/4/5/MATSM_85DD00DAF10D45C79D4ED0306AF2628B_PCD3D_SM4_2__BC5N_DEV_SL_NODBUF3B97C33E__446C4A4087A06ED538AD9C821868B39447546CEE.udd" 432
"../../../../../../Users/Alex/Documents/Unreal Projects/GamesProject/Content/Audio/GunShot_Cue.uasset" 433
"../../../../../../Users/Alex/Documents/Unreal Projects/GamesProject/Content/Audio/GunShot.uasset" 434
"../../../../../../Users/Alex/Documents/Unreal Projects/GamesProject/Content/Audio/Respawn_Cue.uasset" 435
"../../../../../../Users/Alex/Documents/Unreal Projects/GamesProject/Content/Audio/Respawn.uasset" 436
"../../../../../../Users/Alex/Documents/Unreal Projects/GamesProject/Content/ExampleContent/Input_Examples/Meshes/SM_Toy_Tree.uasset" 437
"../../../../../../Users/Alex/Documents/Unreal Projects/GamesProject/Content/ExampleContent/Input_Examples/Materials/M_Toy_Tree.uasset" 438
"C:/Users/Alex/AppData/Local/UnrealEngine/Common/DerivedDataCache/9/0/0/MATSM_85DD00DAF10D45C79D4ED0306AF2628B_PCD3D_SM4_2__BC5N_DEV_SL_NODBUF17DEFA20__598FEB747C27C9D25FB793028517B9623C979DD2.udd" 439
"../../../../../../Users/Alex/Documents/Unreal Projects/GamesProject/Content/Audio/PickUp_Cue.uasset" 440
"../../../../../../Users/Alex/Documents/Unreal Projects/GamesProject/Content/Audio/PickUp.uasset" 441
"../../../../../../Users/Alex/Documents/Unreal Projects/GamesProject/Content/ExampleContent/healthBox.uasset" 442
"../../../../../../Users/Alex/Documents/Unreal Projects/GamesProject/Content/ExampleContent/TexHealthBox.uasset" 443
"../../../../../../Users/Alex/Documents/Unreal Projects/GamesProject/Content/ExampleContent/healthBox2.uasset" 444
"C:/Users/Alex/AppData/Local/UnrealEngine/Common/DerivedDataCache/4/5/2/TEXTURE_75F87CE100B546AAB8A1C4132AF9DB17_AUTODXT_50BF23644DC1472CC2B0D4BF9DCB5__12A89ED42C29B1E631DBBDFFFF3C07303B5AE32C.udd" 445
"C:/Users/Alex/AppData/Local/UnrealEngine/Common/DerivedDataCache/3/6/9/TEXTURE_75F87CE100B546AAB8A1C4132AF9DB17_AUTODXT_50BF23644DC1472CC2B0D4BF9DCB5__D04C603C0D825BF5F2774B9BE358CA3A5F584B39.udd" 446
"C:/Users/Alex/AppData/Local/UnrealEngine/Common/DerivedDataCache/2/5/6/TEXTURE_75F87CE100B546AAB8A1C4132AF9DB17_AUTODXT_50BF23644DC1472CC2B0D4BF9DCB5__3861FAE59699E5B1DA7FE2F88FF7DEBB88064AE5.udd" 447
"C:/Users/Alex/AppData/Local/UnrealEngine/Common/DerivedDataCache/1/3/2/MATSM_85DD00DAF10D45C79D4ED0306AF2628B_PCD3D_SM4_2__BC5N_DEV_SL_NODBUF6C1C64B4__1B6B392027E2FD8EE59B0F31778C7A5C34299638.udd" 448
"../../../../../../Users/Alex/Documents/Unreal Projects/GamesProject/Content/Blueprints/BP_GPCharacter.uasset" 449
"../../../../../../Users/Alex/Documents/Unreal Projects/GamesProject/Content/Animations/Arms_AnimBP.uasset" 450
"../../../../../../Users/Alex/Documents/Unreal Projects/GamesProject/Content/Animations/FPP_Idle.uasset" 451
"../../../../../../Users/Alex/Documents/Unreal Projects/GamesProject/Content/HeroFPP_Skeleton.uasset" 452
"../../../../../../Users/Alex/Documents/Unreal Projects/GamesProject/Content/Animations/FPP_JumpEnd.uasset" 453
"../../../../../../Users/Alex/Documents/Unreal Projects/GamesProject/Content/Animations/FPP_JumpLoop.uasset" 454
"../../../../../../Users/Alex/Documents/Unreal Projects/GamesProject/Content/Animations/FPP_JumpStart.uasset" 455
"../../../../../../Users/Alex/Documents/Unreal Projects/GamesProject/Content/Animations/FPP_Run.uasset" 456
"../../../../../../Users/Alex/Documents/Unreal Projects/GamesProject/Content/Animations/ThirdPersonAnimation/ThirdPersonAnim.uasset" 457
"../../../../../../Users/Alex/Documents/Unreal Projects/GamesProject/Content/Animations/ThirdPersonAnimation/Death_Ironsights_2.uasset" 458
"../../../../../../Users/Alex/Documents/Unreal Projects/GamesProject/Content/GenericMale_Skeleton.uasset" 459
"../../../Engine/Content/EngineMeshes/Humanoid.uasset" 460
"../../../../../../Users/Alex/Documents/Unreal Projects/GamesProject/Content/Animations/ThirdPersonAnimation/Fire_Rifle_Ironsights.uasset" 461
"../../../../../../Users/Alex/Documents/Unreal Projects/GamesProject/Content/Animations/ThirdPersonAnimation/Hit_React_4.uasset" 462
"../../../../../../Users/Alex/Documents/Unreal Projects/GamesProject/Content/Animations/ThirdPersonAnimation/Idle_Rifle_Ironsights.uasset" 463
"../../../../../../Users/Alex/Documents/Unreal Projects/GamesProject/Content/Animations/ThirdPersonAnimation/Jump_From_Jog.uasset" 464
"../../../../../../Users/Alex/Documents/Unreal Projects/GamesProject/Content/Animations/ThirdPersonAnimation/Jump_From_Stand.uasset" 465
"../../../../../../Users/Alex/Documents/Unreal Projects/GamesProject/Content/Animations/ThirdPersonAnimation/Walk_Bwd_Rifle_Ironsights.uasset" 466
"../../../../../../Users/Alex/Documents/Unreal Projects/GamesProject/Content/Animations/ThirdPersonAnimation/Walk_Fwd_Rifle_Ironsights.uasset" 467
"../../../../../../Users/Alex/Documents/Unreal Projects/GamesProject/Content/Animations/ThirdPersonAnimation/Walk_Lt_Rifle_Ironsights.uasset" 468
"../../../../../../Users/Alex/Documents/Unreal Projects/GamesProject/Content/Animations/ThirdPersonAnimation/Walk_Rt_Rifle_Ironsights.uasset" 469
"../../../../../../Users/Alex/Documents/Unreal Projects/GamesProject/Content/Blueprints/BP_GPMainMenu.uasset" 470
"../../../Engine/Content/EditorBlueprintResources/StandardMacros.uasset" 471
"../../../../../../Users/Alex/Documents/Unreal Projects/GamesProject/Content/PowerRangerv2.uasset" 472
"../../../../../../Users/Alex/Documents/Unreal Projects/GamesProject/Content/proxy_geo_body_m.uasset" 473
"../../../../../../Users/Alex/Documents/Unreal Projects/GamesProject/Content/PowerRangerv2_PhysicsAsset.uasset" 474
"../../../../../../Users/Alex/Documents/Unreal Projects/GamesProject/Content/armstest.uasset" 475
"../../../../../../Users/Alex/Documents/Unreal Projects/GamesProject/Content/armstest_PhysicsAsset.uasset" 476
"../../../../../../Users/Alex/Documents/Unreal Projects/GamesProject/Content/weapondraft.uasset" 477
"../../../../../../Users/Alex/Documents/Unreal Projects/GamesProject/Content/phong1.uasset" 478
"../../../../../../Users/Alex/Documents/Unreal Projects/GamesProject/Content/Blueprints/BP_GPServerPawn.uasset" 479
"../../../Engine/Content/BasicShapes/BasicShapeMaterial.uasset" 480
"../../../Engine/Content/BasicShapes/Cube.uasset" 481
"../../../../../../Users/Alex/Documents/Unreal Projects/GamesProject/Content/GUI/GP_HUD.uasset" 482
"../../../../../../Users/Alex/Documents/Unreal Projects/GamesProject/Content/crosshair.uasset" 483
"../../../../../../Users/Alex/Documents/Unreal Projects/GamesProject/Content/GUI/GP_InGameMenu.uasset" 484
"../../../../../../Users/Alex/Documents/Unreal Projects/GamesProject/Content/GUI/GP_Play.uasset" 485
"../../../../../../Users/Alex/Documents/Unreal Projects/GamesProject/Content/GUI/GP_Play_Background.uasset" 486
"../../../../../../Users/Alex/Documents/Unreal Projects/GamesProject/Content/GUI/GPMM_Background.uasset" 487
"../../../../../../Users/Alex/Documents/Unreal Projects/GamesProject/Content/GUI/Images/back.uasset" 488
"../../../../../../Users/Alex/Documents/Unreal Projects/GamesProject/Content/GUI/GPMM_Host.uasset" 489
"../../../../../../Users/Alex/Documents/Unreal Projects/GamesProject/Content/GUI/GPMM_Join.uasset" 490
"../../../../../../Users/Alex/Documents/Unreal Projects/GamesProject/Content/GUI/GPMM_Join_Entry.uasset" 491
"../../../../../../Users/Alex/Documents/Unreal Projects/GamesProject/Content/GUI/GPMM_Loading.uasset" 492
"../../../../../../Users/Alex/Documents/Unreal Projects/GamesProject/Content/GUI/GPMM_Main.uasset" 493
"../../../../../../Users/Alex/Documents/Unreal Projects/GamesProject/Content/Blueprints/GPMM_GameMode.uasset" 494
"../../../../../../Users/Alex/Documents/Unreal Projects/GamesProject/Content/GUI/GPMM_Settings.uasset" 495
"../../../../../../Users/Alex/Documents/Unreal Projects/GamesProject/Content/Blueprints/BP_GPProjectile.uasset" 496
"../../../../../../Users/Alex/Documents/Unreal Projects/GamesProject/Content/Materials/texBlue.uasset" 497
"../../../../../../Users/Alex/Documents/Unreal Projects/GamesProject/Content/Materials/texDynamite.uasset" 498
"../../../../../../Users/Alex/Documents/Unreal Projects/GamesProject/Content/Materials/texGreen.uasset" 499
"../../../../../../Users/Alex/Documents/Unreal Projects/GamesProject/Content/Materials/texOrange.uasset" 500
"../../../../../../Users/Alex/Documents/Unreal Projects/GamesProject/Content/Materials/texYellow.uasset" 501
"../../../../../../Users/Alex/Documents/Unreal Projects/GamesProject/Content/Audio/OnHit_Cue.uasset" 502
"../../../../../../Users/Alex/Documents/Unreal Projects/GamesProject/Content/Audio/OnHit.uasset" 503
"../../../../../../Users/Alex/Documents/Unreal Projects/GamesProject/Content/Blueprints/BP_GPRemoteBomb.uasset" 504
"../../../../../../Users/Alex/Documents/Unreal Projects/GamesProject/Content/Meshes/RubiksBombCheck.uasset" 505
"../../../../../../Users/Alex/Documents/Unreal Projects/GamesProject/Content/Materials/texAlarmClock1.uasset" 506
"../../../../../../Users/Alex/Documents/Unreal Projects/GamesProject/Content/Materials/texBellsExport.uasset" 507
"../../../../../../Users/Alex/Documents/Unreal Projects/GamesProject/Content/Materials/texClockFace.uasset" 508
"../../../../../../Users/Alex/Documents/Unreal Projects/GamesProject/Content/Materials/clockface.uasset" 509
"../../../../../../Users/Alex/Documents/Unreal Projects/GamesProject/Content/Materials/texRubiks.uasset" 510
"../../../../../../Users/Alex/Documents/Unreal Projects/GamesProject/Content/Materials/rubikstex.uasset" 511
"../../../../../../Users/Alex/Documents/Unreal Projects/GamesProject/Content/Audio/BombDetonate_Cue.uasset" 512
"../../../../../../Users/Alex/Documents/Unreal Projects/GamesProject/Content/Audio/BombDetonate.uasset" 513
"../../../../../../Users/Alex/Documents/Unreal Projects/GamesProject/Content/Audio/BombDrop_Cue.uasset" 514
"../../../../../../Users/Alex/Documents/Unreal Projects/GamesProject/Content/Audio/BombDrop.uasset" 515
"C:/Users/Alex/AppData/Local/UnrealEngine/Common/DerivedDataCache/0/6/5/TEXTURE_75F87CE100B546AAB8A1C4132AF9DB17_AUTODXT_C50418254185B8A768A315A76AB4F__6A15570FD940E498D4FFB260C63159898485BDAB.udd" 516
"C:/Users/Alex/AppData/Local/UnrealEngine/Common/DerivedDataCache/5/1/5/TEXTURE_75F87CE100B546AAB8A1C4132AF9DB17_AUTODXT_C50418254185B8A768A315A76AB4F__ED0A5A468ADCAEC2A598AC5623CE2641C83DD1BE.udd" 517
"C:/Users/Alex/AppData/Local/UnrealEngine/Common/DerivedDataCache/8/5/3/TEXTURE_75F87CE100B546AAB8A1C4132AF9DB17_AUTODXT_C50418254185B8A768A315A76AB4F__1691424848D1F5CD1EA72EDEF009DDEFC2A187F4.udd" 518
"C:/Users/Alex/AppData/Local/UnrealEngine/Common/DerivedDataCache/2/3/0/MATSM_85DD00DAF10D45C79D4ED0306AF2628B_PCD3D_SM4_2__BC5N_DEV_SL_NODBUF727ABFE2__D19F7D9E951ECC09C9B20E6A3A82BB3F5AF3219E.udd" 519
"C:/Users/Alex/AppData/Local/UnrealEngine/Common/DerivedDataCache/2/2/3/MATSM_85DD00DAF10D45C79D4ED0306AF2628B_PCD3D_SM4_2__BC5N_DEV_SL_NODBUFCC3F3C74__0CB43155A4DA179D8172EF3030FD51BB871E8C05.udd" 520
"C:/Users/Alex/AppData/Local/UnrealEngine/Common/DerivedDataCache/9/8/6/MATSM_85DD00DAF10D45C79D4ED0306AF2628B_PCD3D_SM4_2__BC5N_DEV_SL_NODBUF0534DE77__78ED7DFE79146FB8C4CD8913D3FE461444CF1DF9.udd" 521
"C:/Users/Alex/AppData/Local/UnrealEngine/Common/DerivedDataCache/8/7/3/MATSM_85DD00DAF10D45C79D4ED0306AF2628B_PCD3D_SM4_2__BC5N_DEV_SL_NODBUFDC259228__99B1B182268D3E22FA91AAF543D04CE972AFDC27.udd" 522
"C:/Users/Alex/AppData/Local/UnrealEngine/Common/DerivedDataCache/0/9/6/MATSM_85DD00DAF10D45C79D4ED0306AF2628B_PCD3D_SM4_2__BC5N_DEV_SL_NODBUF961A42E6__E16A7069F58B90B3E30BB21B6270D1282B161F59.udd" 523
"C:/Users/Alex/AppData/Local/UnrealEngine/Common/DerivedDataCache/0/7/4/MATSM_85DD00DAF10D45C79D4ED0306AF2628B_PCD3D_SM4_2__BC5N_DEV_SL_NODBUF08A34A5F__34F66F9AB67866D1C347D45852AE72F0E5102021.udd" 524
"C:/Users/Alex/AppData/Local/UnrealEngine/Common/DerivedDataCache/1/5/2/MATSM_85DD00DAF10D45C79D4ED0306AF2628B_PCD3D_SM4_2__BC5N_DEV_SL_NODBUF1631C8E3__919F1C2F5FAA18F28FD6266C43597BC6EAE9A1D4.udd" 525
"C:/Users/Alex/AppData/Local/UnrealEngine/Common/DerivedDataCache/4/7/1/MATSM_85DD00DAF10D45C79D4ED0306AF2628B_PCD3D_SM4_2__BC5N_DEV_SL_NODBUF5E57B766__0D3E74154BD065A03EC93541A975E22EAA6BF4F1.udd" 526
"C:/Users/Alex/AppData/Local/UnrealEngine/Common/DerivedDataCache/5/5/0/MATSM_85DD00DAF10D45C79D4ED0306AF2628B_PCD3D_SM4_2__BC5N_DEV_SL_NODBUF94AF121B__3C9D9736E3892E2EA0B014CDC4FE1DD01C4274BA.udd" 527
"C:/Users/Alex/AppData/Local/UnrealEngine/Common/DerivedDataCache/9/9/7/MATSM_85DD00DAF10D45C79D4ED0306AF2628B_PCD3D_SM4_2__BC5N_DEV_SL_NODBUF3ECB1491__389DE3336C2B1E32D7640A010DBA0993A2F9903E.udd" 528
"C:/Users/Alex/AppData/Local/UnrealEngine/Common/DerivedDataCache/0/4/3/MATSM_85DD00DAF10D45C79D4ED0306AF2628B_PCD3D_SM4_2__BC5N_DEV_SL_NODBUF5E79B68B__EF20BB2B52C241652B90BC5762F689DBA7CD5F0B.udd" 529
"../../../../../../Users/Alex/Documents/Unreal Projects/GamesProject/Content/Blueprints/BP_GPCaptureZone.uasset" 530
"C:/Users/Alex/AppData/Local/UnrealEngine/4.7/Saved/Config/Windows/SourceControlSettings.ini" 531
"../../../../../../Users/Alex/Documents/Unreal Projects/GamesProject/Intermediate/Config/CoalescedSourceConfigs/SourceControlSettings.ini" 532
"C:/Users/Alex/Documents/Unreal Projects/GamesProject/Saved/Config/Windows/SourceControlSettings.ini" 533
"../../../Engine/Content/EngineMaterials/RemoveSurfaceMaterial.uasset" 534
"../../../Engine/Content/EngineDebugMaterials/DebugMeshMaterial.uasset" 535
"../../../Engine/Content/EngineMaterials/M_InvalidLightmapSettings.uasset" 536
"../../../Engine/Content/EngineMaterials/InvalidLightmapSettings.uasset" 537
"../../../Engine/Content/EditorMaterials/GizmoMaterial.uasset" 538
"../../../Engine/Content/EngineMaterials/Good64x64TilingNoiseHighFreq.uasset" 539
"../../../Engine/Content/EngineMaterials/DefaultBokeh.uasset" 540
"../../../Engine/Content/EngineMaterials/PreintegratedSkinBRDF.uasset" 541
"../../../Engine/Content/EngineMaterials/MiniFont.uasset" 542
"../../../Engine/Content/EngineMaterials/WeightMapPlaceholderTexture.uasset" 543
"../../../Engine/Content/EngineMaterials/DefaultWhiteGrid.uasset" 544
"../../../Engine/Content/EngineMaterials/DefaultPhysicalMaterial.uasset" 545
"../../../Engine/Content/EngineFonts/RobotoTiny.uasset" 546
"../../../../../../Users/Alex/Documents/Unreal Projects/GamesProject/Intermediate/CachedAssetRegistry.bin" 547
"C:/Users/Alex/AppData/Local/UnrealEngine/Common/DerivedDataCache/3/8/7/35C7D27E437A3CE93D0EE8B0DCBAF4BF.udd" 548
"C:/Users/Alex/AppData/Local/UnrealEngine/Common/DerivedDataCache/6/0/9/67BCFD1443D8532E28F6CE89895EA918.udd" 549
"C:/Users/Alex/AppData/Local/UnrealEngine/Common/DerivedDataCache/7/2/5/7D9D800B417C3DDC086749AC80F7D571.udd" 550
"C:/Users/Alex/AppData/Local/UnrealEngine/Common/DerivedDataCache/8/2/1/AF991A43496CAB6D186FBCA503A546FA.udd" 551
"C:/Users/Alex/AppData/Local/UnrealEngine/Common/DerivedDataCache/8/9/6/F51815C0484DB091CA7E3AA3453E6B8A.udd" 552
"C:/Users/Alex/AppData/Local/UnrealEngine/Common/DerivedDataCache/6/1/4/CCABD312498B9FF9D42DC095797E3BA8.udd" 553
"C:/Users/Alex/AppData/Local/UnrealEngine/Common/DerivedDataCache/2/5/0/36E6F69D4FE6BA597B6158BFF4F74687.udd" 554
"C:/Users/Alex/AppData/Local/UnrealEngine/Common/DerivedDataCache/8/9/2/3182F6AE464F13E8E2149BA8BFFC4C95.udd" 555
"C:/Users/Alex/AppData/Local/UnrealEngine/Common/DerivedDataCache/7/0/0/692E53BF4ED77F3951A9029B879F04FB.udd" 556
"C:/Users/Alex/AppData/Local/UnrealEngine/Common/DerivedDataCache/2/8/6/847E88F24C8BE58A12DA4DAD631D3BFE.udd" 557
"C:/Users/Alex/AppData/Local/UnrealEngine/Common/DerivedDataCache/3/4/0/7C767F2D44011E49F1B12AA76B845009.udd" 558
"../../../../../../Users/Alex/Documents/Unreal Projects/GamesProject/Content/GenericMale.uasset" 559
"../../../../../../Users/Alex/Documents/Unreal Projects/GamesProject/Content/Materials/lambert2.uasset" 560
"../../../../../../Users/Alex/Documents/Unreal Projects/GamesProject/Content/GenericMale_PhysicsAsset.uasset" 561
"C:/Users/Alex/AppData/Local/UnrealEngine/Common/DerivedDataCache/4/9/0/MATSM_85DD00DAF10D45C79D4ED0306AF2628B_PCD3D_SM5_2__BC5N_DEV_SL_NODBUF39FB480A__3091A0160EB277E5FF8067F9CA06D9FB0059CAE8.udd" 562
"C:/Users/Alex/AppData/Local/UnrealEngine/Common/DerivedDataCache/9/6/4/MATSM_85DD00DAF10D45C79D4ED0306AF2628B_PCD3D_SM4_2__BC5N_DEV_SL_NODBUF39FB480A__8F9D7ACEF61A1392208D19834476876983CD397B.udd" 563
"../../../Engine/Content/MobileResources/HUD/VirtualJoystick_Thumb.uasset" 564
"../../../Engine/Content/MobileResources/HUD/VirtualJoystick_Background.uasset" 565
"../../../Engine/Content/MobileResources/HUD/T_Castle_ThumbstickOutter.uasset" 566
"../../../Engine/Content/MobileResources/HUD/T_Castle_ThumbstickInner.uasset" 567
"../../../Engine/Content/MobileResources/HUD/MobileHUDDirectionStick.uasset" 568
"../../../Engine/Content/MobileResources/HUD/MobileHUDDirectionPad3.uasset" 569
"../../../Engine/Content/MobileResources/HUD/MobileHUDDirectionPad2.uasset" 570
"../../../Engine/Content/MobileResources/HUD/MobileHUDDirectionPad.uasset" 571
"../../../Engine/Content/MobileResources/HUD/MobileHUDButtonFire.uasset" 572
"../../../Engine/Content/MobileResources/HUD/MobileHUDButton3.uasset" 573
"../../../Engine/Content/MobileResources/HUD/MobileHUDButton2_on.uasset" 574
"../../../Engine/Content/MobileResources/HUD/MobileHUDButton2_off.uasset" 575
"../../../Engine/Content/MobileResources/HUD/MobileHUDButton1_on.uasset" 576
"../../../Engine/Content/MobileResources/HUD/MobileHUDButton1_off.uasset" 577
"../../../Engine/Content/MobileResources/HUD/LeftVirtualJoystickOnly.uasset" 578
"../../../Engine/Content/MobileResources/HUD/DefaultVirtualJoysticks.uasset" 579
"../../../Engine/Content/MobileResources/HUD/AnalogHat.uasset" 580
"../../../Engine/Content/MobileResources/T_MobileMenu2.uasset" 581
"../../../Engine/Content/MobileResources/T_MobileControls_texture.uasset" 582
"../../../../../../Users/Alex/Documents/Unreal Projects/GamesProject/Content/Maps/GPMainMenu_Level.umap" 583
"../../../../../../Users/Alex/Documents/Unreal Projects/GamesProject/Content/Maps/FPSMap.umap" 584
"../../../../../../Users/Alex/Documents/Unreal Projects/GamesProject/Content/PathFinding/BT_CheckPath.uasset" 585
"../../../../../../Users/Alex/Documents/Unreal Projects/GamesProject/Content/PathFinding/BB_CheckPath.uasset" 586
"../../../../../../Users/Alex/Documents/Unreal Projects/GamesProject/Content/PathFinding/UpdateLocations.uasset" 587
"../../../../../../Users/Alex/Documents/Unreal Projects/GamesProject/Content/PathFinding/WriteCheck.uasset" 588
"../../../Engine/Content/EngineSky/BP_Sky_Sphere.uasset" 589
"../../../Engine/Content/EngineSky/C_Sky_Cloud_Color.uasset" 590
"../../../Engine/Content/EngineSky/C_Sky_Horizon_Color.uasset" 591
"../../../Engine/Content/EngineSky/C_Sky_Zenith_Color.uasset" 592
"../../../Engine/Content/EngineSky/M_Sky_Panning_Clouds2.uasset" 593
"../../../Engine/Content/EngineSky/T_Sky_Blue.uasset" 594
"../../../Engine/Content/EngineSky/T_Sky_Clouds_M.uasset" 595
"../../../Engine/Content/EngineSky/T_Sky_Stars.uasset" 596
"../../../Engine/Content/EngineSky/SM_SkySphere.uasset" 597
"../../../../../../Users/Alex/Documents/Unreal Projects/GamesProject/Content/Blueprints/SM_Template_Map_Floor2_Blueprint.uasset" 598
"../../../Engine/Content/MapTemplates/SM_Template_Map_Floor.uasset" 599
"../../../../../../Users/Alex/Documents/Unreal Projects/GamesProject/Content/PathFinding/Base.uasset" 600
"../../../../../../Users/Alex/Documents/Unreal Projects/GamesProject/Content/PathFinding/GPRunBT.uasset" 601
"../../../../../../Users/Alex/Documents/Unreal Projects/GamesProject/Content/Meshes/baseRing.uasset" 602
"../../../../../../Users/Alex/Documents/Unreal Projects/GamesProject/Content/Materials/M_neonGlow.uasset" 603
"../../../../../../Users/Alex/Documents/Unreal Projects/GamesProject/Content/Materials/M_Wood_Oak.uasset" 604
"../../../../../../Users/Alex/Documents/Unreal Projects/GamesProject/Content/Materials/T_MacroVariation.uasset" 605
"../../../../../../Users/Alex/Documents/Unreal Projects/GamesProject/Content/Materials/T_Wood_Oak_D.uasset" 606
"../../../../../../Users/Alex/Documents/Unreal Projects/GamesProject/Content/Materials/T_Wood_Oak_N.uasset" 607
"../../../Engine/Content/BasicShapes/Cylinder.uasset" 608
"../../../../../../Users/Alex/Documents/Unreal Projects/GamesProject/Content/Meshes/GP_Wall.uasset" 609
"C:/Users/Alex/AppData/Local/UnrealEngine/Common/DerivedDataCache/3/2/5/TEXTURE_75F87CE100B546AAB8A1C4132AF9DB17_AUTODXT_D93A509A4F29F3A2C80C7C951E3F0__E4E1CE50D4EB3F7ECB1867947B64CCDF801A0F8E.udd" 610
"C:/Users/Alex/AppData/Local/UnrealEngine/Common/DerivedDataCache/6/7/3/TEXTURE_75F87CE100B546AAB8A1C4132AF9DB17_AUTODXT_D93A509A4F29F3A2C80C7C951E3F0__5454D51BD66BE8ADABB31156754371EF2DDB8166.udd" 611
"C:/Users/Alex/AppData/Local/UnrealEngine/Common/DerivedDataCache/3/3/3/TEXTURE_75F87CE100B546AAB8A1C4132AF9DB17_BC5_984922AE44CF5F47DE2EE3A20ADD5938___3794BD81D3780AB7309CCEB850AC6ED3FE0AEFAD.udd" 612
"C:/Users/Alex/AppData/Local/UnrealEngine/Common/DerivedDataCache/8/1/8/TEXTURE_75F87CE100B546AAB8A1C4132AF9DB17_BC5_984922AE44CF5F47DE2EE3A20ADD5938___CD8B424A745DFFA4F0BB9E09A72A035CCEA4E0DE.udd" 613
"C:/Users/Alex/AppData/Local/UnrealEngine/Common/DerivedDataCache/5/9/5/TEXTURE_75F87CE100B546AAB8A1C4132AF9DB17_AUTODXT_70B01972401B2691994447B9F19E1__F189EA4E897300BD7F42FCCF9F81470D8BB14F7D.udd" 614
"C:/Users/Alex/AppData/Local/UnrealEngine/Common/DerivedDataCache/0/8/2/TEXTURE_75F87CE100B546AAB8A1C4132AF9DB17_AUTODXT_70B01972401B2691994447B9F19E1__9BA1650F78D107DDF6920775977BFE6573C66A74.udd" 615
"C:/Users/Alex/AppData/Local/UnrealEngine/Common/DerivedDataCache/3/5/6/TEXTURE_75F87CE100B546AAB8A1C4132AF9DB17_AUTODXT_A53B95A54E8E1A7D8DA44899D1DE0__7550651E2179BB8246E102DFE977E138D4B4856C.udd" 616
"C:/Users/Alex/AppData/Local/UnrealEngine/Common/DerivedDataCache/0/1/8/TEXTURE_75F87CE100B546AAB8A1C4132AF9DB17_AUTODXT_D93A509A4F29F3A2C80C7C951E3F0__D6BEDDA864E31866BF0D035D3FB592FD33DC28C1.udd" 617
"C:/Users/Alex/AppData/Local/UnrealEngine/Common/DerivedDataCache/3/5/1/TEXTURE_75F87CE100B546AAB8A1C4132AF9DB17_AUTODXT_A53B95A54E8E1A7D8DA44899D1DE0__97500C93199AF4B189958684550B07D0C973CA87.udd" 618
"C:/Users/Alex/AppData/Local/UnrealEngine/Common/DerivedDataCache/2/5/6/TEXTURE_75F87CE100B546AAB8A1C4132AF9DB17_AUTODXT_D04868C94E06BBE77AA318B65E2A0__213718D8B143820933817D76D3297F7D13A19CE7.udd" 619
"C:/Users/Alex/AppData/Local/UnrealEngine/Common/DerivedDataCache/7/0/5/TEXTURE_75F87CE100B546AAB8A1C4132AF9DB17_AUTODXT_D04868C94E06BBE77AA318B65E2A0__8E013D9605B21DB6B481630EDF1608E5640BC8CF.udd" 620
"C:/Users/Alex/AppData/Local/UnrealEngine/Common/DerivedDataCache/2/1/5/TEXTURE_75F87CE100B546AAB8A1C4132AF9DB17_AUTODXT_E8FBF2094395C47FFED4A0A3FDD25__332813E64F0D5CBE072FB5CDFCDE1EE1EACCAE43.udd" 621
"C:/Users/Alex/AppData/Local/UnrealEngine/Common/DerivedDataCache/4/4/4/TEXTURE_75F87CE100B546AAB8A1C4132AF9DB17_AUTODXT_E8FBF2094395C47FFED4A0A3FDD25__B0ECE9349416A9BB320A7C43DDBF32F0EE548287.udd" 622
"C:/Users/Alex/AppData/Local/UnrealEngine/Common/DerivedDataCache/1/5/1/TEXTURE_75F87CE100B546AAB8A1C4132AF9DB17_AUTODXT_D93A509A4F29F3A2C80C7C951E3F0__85B050DBC3B789C7FD1621B7D8EB6C633BE0D4AA.udd" 623
"C:/Users/Alex/AppData/Local/UnrealEngine/Common/DerivedDataCache/5/2/4/TEXTURE_75F87CE100B546AAB8A1C4132AF9DB17_AUTODXT_917A47064A1CDA72C9A4EAA1800D0__F3AEE8C8B54785BDBDCB1F13701C16B255141FF5.udd" 624
"C:/Users/Alex/AppData/Local/UnrealEngine/Common/DerivedDataCache/6/9/9/TEXTURE_75F87CE100B546AAB8A1C4132AF9DB17_AUTODXT_D93A509A4F29F3A2C80C7C951E3F0__F3FC833DCA9A1CBF1AAA99178DC0739166E5B9F4.udd" 625
"C:/Users/Alex/AppData/Local/UnrealEngine/Common/DerivedDataCache/3/7/6/TEXTURE_75F87CE100B546AAB8A1C4132AF9DB17_AUTODXT_917A47064A1CDA72C9A4EAA1800D0__FC9B3200DEC683E829A2DBC7EE81212211A83E4B.udd" 626
"C:/Users/Alex/AppData/Local/UnrealEngine/Common/DerivedDataCache/2/4/2/TEXTURE_75F87CE100B546AAB8A1C4132AF9DB17_BC5_984922AE44CF5F47DE2EE3A20ADD5938___B4582C6F8E92444344AB2CB4C4F701ABAE906057.udd" 627
"C:/Users/Alex/AppData/Local/UnrealEngine/Common/DerivedDataCache/6/8/1/TEXTURE_75F87CE100B546AAB8A1C4132AF9DB17_AUTODXT_D93A509A4F29F3A2C80C7C951E3F0__71E5B29FC75583DC1D1EECDEC4B8414816458E92.udd" 628
"C:/Users/Alex/AppData/Local/UnrealEngine/Common/DerivedDataCache/8/6/3/TEXTURE_75F87CE100B546AAB8A1C4132AF9DB17_AUTODXT_0EB8E1464E052EBFDA95EAA5DE189__375E548D2DE26BA3ABECE499453E607ED46D497C.udd" 629
"C:/Users/Alex/AppData/Local/UnrealEngine/Common/DerivedDataCache/6/3/8/TEXTURE_75F87CE100B546AAB8A1C4132AF9DB17_AUTODXT_97876FFE4C43DEA0FF7125A7876AD__D3350BF2989A1543DA7FD02F734305AA1AC8ECE9.udd" 630
"C:/Users/Alex/AppData/Local/UnrealEngine/Common/DerivedDataCache/2/1/7/TEXTURE_75F87CE100B546AAB8A1C4132AF9DB17_AUTODXT_A2CF50A545FB3228E9C70086B02B4__0CE1453073637B86F4A61D63F1387D7E1F1A19C0.udd" 631
"C:/Users/Alex/AppData/Local/UnrealEngine/Common/DerivedDataCache/8/6/6/TEXTURE_75F87CE100B546AAB8A1C4132AF9DB17_AUTODXT_0C9D0B644C3A0882CB16B7889DD83__2A37E28DDC72DD548A0350073461B8011F529C2C.udd" 632
"C:/Users/Alex/AppData/Local/UnrealEngine/Common/DerivedDataCache/0/8/4/TEXTURE_75F87CE100B546AAB8A1C4132AF9DB17_BC5_984922AE44CF5F47DE2EE3A20ADD5938___FA1D2270FC13FCBB6F15A645A39348996DAA4BCB.udd" 633
"C:/Users/Alex/AppData/Local/UnrealEngine/Common/DerivedDataCache/3/4/8/TEXTURE_75F87CE100B546AAB8A1C4132AF9DB17_AUTODXT_97876FFE4C43DEA0FF7125A7876AD__41DC4825187BD2A04FD432FDACF55E620DB320EF.udd" 634
"C:/Users/Alex/AppData/Local/UnrealEngine/Common/DerivedDataCache/4/4/7/TEXTURE_75F87CE100B546AAB8A1C4132AF9DB17_AUTODXT_0C9D0B644C3A0882CB16B7889DD83__75CCB73083D3D7EA93D18FEBE3F4DCB97E0B23AB.udd" 635
"C:/Users/Alex/AppData/Local/UnrealEngine/Common/DerivedDataCache/4/4/3/TEXTURE_75F87CE100B546AAB8A1C4132AF9DB17_DXT1_3CC027B94DF7260F95EEF09885DAA163__94A188C6537CC4ACD7E5B46B22D667010915C05D.udd" 636
"C:/Users/Alex/AppData/Local/UnrealEngine/Common/DerivedDataCache/9/0/1/TEXTURE_75F87CE100B546AAB8A1C4132AF9DB17_AUTODXT_97876FFE4C43DEA0FF7125A7876AD__3DDCCA58636E0AD2DAAA038A1561576EA646117A.udd" 637
"C:/Users/Alex/AppData/Local/UnrealEngine/Common/DerivedDataCache/0/2/3/TEXTURE_75F87CE100B546AAB8A1C4132AF9DB17_BC5_984922AE44CF5F47DE2EE3A20ADD5938___DC7C67A2496615037DC327E5886CD03539472D9F.udd" 638
"C:/Users/Alex/AppData/Local/UnrealEngine/Common/DerivedDataCache/8/3/4/TEXTURE_75F87CE100B546AAB8A1C4132AF9DB17_DXT1_2ED44D23430001BFBD009DBCED2E3941__ABAA9CE7E91C7E0DC7A0968A4F80FAF0640DC993.udd" 639
"C:/Users/Alex/AppData/Local/UnrealEngine/Common/DerivedDataCache/1/3/2/TEXTURE_75F87CE100B546AAB8A1C4132AF9DB17_BC5_984922AE44CF5F47DE2EE3A20ADD5938___9D966B99AA91A04672A4F32BF973C1C8C88A7D72.udd" 640
"C:/Users/Alex/AppData/Local/UnrealEngine/Common/DerivedDataCache/7/2/6/TEXTURE_75F87CE100B546AAB8A1C4132AF9DB17_DXT1_8DC495EB412CC907601F86A2C8922177__4EDF62A6E2AC8E89751D2D74F173B930B5B7F6CE.udd" 641
"C:/Users/Alex/AppData/Local/UnrealEngine/Common/DerivedDataCache/8/1/6/TEXTURE_75F87CE100B546AAB8A1C4132AF9DB17_DXT1_3CC027B94DF7260F95EEF09885DAA163__730945796FAC33D45FD5DADCB7EFE735E2F5F782.udd" 642
"C:/Users/Alex/AppData/Local/UnrealEngine/Common/DerivedDataCache/4/2/7/TEXTURE_75F87CE100B546AAB8A1C4132AF9DB17_DXT1_010349D04BB1296140426BA7DC02B183__581B9A455EBB735353E88998A870354DF7B2F0FC.udd" 643
"C:/Users/Alex/AppData/Local/UnrealEngine/Common/DerivedDataCache/5/1/9/TEXTURE_75F87CE100B546AAB8A1C4132AF9DB17_DXT1_2ED44D23430001BFBD009DBCED2E3941__64D10A050414C8B7DAC0B1CE10D4BBB118B58FFD.udd" 644
"C:/Users/Alex/AppData/Local/UnrealEngine/Common/DerivedDataCache/6/3/7/TEXTURE_75F87CE100B546AAB8A1C4132AF9DB17_DXT1_64B18A614149412377F48DB09B88E8DC__A3DA721D25E25FE0123A5F25D4F4878BAD5D09BE.udd" 645
"C:/Users/Alex/AppData/Local/UnrealEngine/Common/DerivedDataCache/9/3/2/TEXTURE_75F87CE100B546AAB8A1C4132AF9DB17_DXT1_8DC495EB412CC907601F86A2C8922177__A34B042CC32BD1181E1F329B7D0A7E5998A3ECD3.udd" 646
"C:/Users/Alex/AppData/Local/UnrealEngine/Common/DerivedDataCache/8/5/4/TEXTURE_75F87CE100B546AAB8A1C4132AF9DB17_DXT1_016F24CD453780D661FEB38BC4FB9C96__19CE9BF5315EA027678A778CC60D04D1DD15709C.udd" 647
"C:/Users/Alex/AppData/Local/UnrealEngine/Common/DerivedDataCache/6/0/7/TEXTURE_75F87CE100B546AAB8A1C4132AF9DB17_DXT1_A064294E414A8812461A589AF64109C4__991A28391ABFB886747903E1E9A65F81395B4E06.udd" 648
"C:/Users/Alex/AppData/Local/UnrealEngine/Common/DerivedDataCache/3/2/7/TEXTURE_75F87CE100B546AAB8A1C4132AF9DB17_DXT1_64B18A614149412377F48DB09B88E8DC__C9E6983CAC2FBE29A877F8D54450200C98997F5C.udd" 649
"C:/Users/Alex/AppData/Local/UnrealEngine/Common/DerivedDataCache/0/0/1/TEXTURE_75F87CE100B546AAB8A1C4132AF9DB17_DXT1_A064294E414A8812461A589AF64109C4__D0A2C7DCD58C56C0D582628203DC70667B75DB37.udd" 650
"C:/Users/Alex/AppData/Local/UnrealEngine/Common/DerivedDataCache/9/5/9/TEXTURE_75F87CE100B546AAB8A1C4132AF9DB17_DXT1_C2942E36473AE522C9E01DAEDABD1114__14E4B512945A1402B2B14CA0575C9FEA02AEC068.udd" 651
"C:/Users/Alex/AppData/Local/UnrealEngine/Common/DerivedDataCache/6/7/0/TEXTURE_75F87CE100B546AAB8A1C4132AF9DB17_DXT1_B61374764E0FE1528EAC31B7404FDA6C__9135DBA2D606FA6C76763DE238BBFD320639DB35.udd" 652
"C:/Users/Alex/AppData/Local/UnrealEngine/Common/DerivedDataCache/5/5/4/TEXTURE_75F87CE100B546AAB8A1C4132AF9DB17_DXT1_A064294E414A8812461A589AF64109C4__EAC53D2739734976CD45BAD8B8BCEEAE29B888F1.udd" 653
"C:/Users/Alex/AppData/Local/UnrealEngine/Common/DerivedDataCache/2/7/7/TEXTURE_75F87CE100B546AAB8A1C4132AF9DB17_DXT1_B61374764E0FE1528EAC31B7404FDA6C__6C5AD7CD42430D0EB44092C8E49856280680767B.udd" 654
"C:/Users/Alex/AppData/Local/UnrealEngine/Common/DerivedDataCache/0/8/2/TEXTURE_75F87CE100B546AAB8A1C4132AF9DB17_AUTODXT_2363B2A8428047BCCAD7608C1A662__A6FDA8F7C4D18C21DD5055CA9E0AD07967BF08B0.udd" 655
"C:/Users/Alex/AppData/Local/UnrealEngine/Common/DerivedDataCache/2/6/3/TEXTURE_75F87CE100B546AAB8A1C4132AF9DB17_AUTODXT_C06A2F2447AC2EB8E26772BBA7CEF__7D7A45B14B9D1FFE737F20CAD86533241DB51844.udd" 656
"C:/Users/Alex/AppData/Local/UnrealEngine/Common/DerivedDataCache/8/7/5/TEXTURE_75F87CE100B546AAB8A1C4132AF9DB17_AUTODXT_C06A2F2447AC2EB8E26772BBA7CEF__B7C211775775411176CFA388DC609B016A463978.udd" 657
"C:/Users/Alex/AppData/Local/UnrealEngine/Common/DerivedDataCache/8/6/2/TEXTURE_75F87CE100B546AAB8A1C4132AF9DB17_AUTODXT_2363B2A8428047BCCAD7608C1A662__6F741BBB88D9C5CFF2B504D6DCE803602DD8752D.udd" 658
"C:/Users/Alex/AppData/Local/UnrealEngine/Common/DerivedDataCache/0/7/7/TEXTURE_75F87CE100B546AAB8A1C4132AF9DB17_AUTODXT_A0FC80FB4EF39B4D6B613F9D32502__9F1B2A8B4207EF15CF10228BF80E1B171A3131DA.udd" 659
"C:/Users/Alex/AppData/Local/UnrealEngine/Common/DerivedDataCache/6/9/5/TEXTURE_75F87CE100B546AAB8A1C4132AF9DB17_AUTODXT_C6887147487E8B6A9372989357C0A__56985341448174339962D1E28522ABC123809A25.udd" 660
"C:/Users/Alex/AppData/Local/UnrealEngine/Common/DerivedDataCache/8/4/7/TEXTURE_75F87CE100B546AAB8A1C4132AF9DB17_AUTODXT_264802F24F53968E0AAE88959D78F__9611336565A1032443F4FE75C7E764988B3D2E64.udd" 661
"C:/Users/Alex/AppData/Local/UnrealEngine/Common/DerivedDataCache/7/7/7/TEXTURE_75F87CE100B546AAB8A1C4132AF9DB17_AUTODXT_A0FC80FB4EF39B4D6B613F9D32502__F40A0AC30AE6ACBF092BB5A9FB6A9B288AC68423.udd" 662
"C:/Users/Alex/AppData/Local/UnrealEngine/Common/DerivedDataCache/7/6/3/TEXTURE_75F87CE100B546AAB8A1C4132AF9DB17_AUTODXT_140E2534448C48282DE240814059C__6655B9D1F34279E1027266F03160E064E563624B.udd" 663
"C:/Users/Alex/AppData/Local/UnrealEngine/Common/DerivedDataCache/9/3/8/TEXTURE_75F87CE100B546AAB8A1C4132AF9DB17_AUTODXT_264802F24F53968E0AAE88959D78F__CB5C3D05E2E343DC54C73A3A97B6DC67B8FB6AC0.udd" 664
"C:/Users/Alex/AppData/Local/UnrealEngine/Common/DerivedDataCache/7/5/8/TEXTURE_75F87CE100B546AAB8A1C4132AF9DB17_AUTODXT_111F940E42BAC52978D0A0A35B9DE__E92F1E08EE06FD4D7584DAF31EB0427183B1F007.udd" 665
"C:/Users/Alex/AppData/Local/UnrealEngine/Common/DerivedDataCache/8/3/2/TEXTURE_75F87CE100B546AAB8A1C4132AF9DB17_AUTODXT_111F940E42BAC52978D0A0A35B9DE__0ADEA02847CD61DE83F92444A8C3A019B2DA329B.udd" 666
"C:/Users/Alex/AppData/Local/UnrealEngine/Common/DerivedDataCache/6/4/5/TEXTURE_75F87CE100B546AAB8A1C4132AF9DB17_AUTODXT_264802F24F53968E0AAE88959D78F__57BA295609F7998156A178BEE79BCE67BB247EC1.udd" 667
"C:/Users/Alex/AppData/Local/UnrealEngine/Common/DerivedDataCache/5/5/5/TEXTURE_75F87CE100B546AAB8A1C4132AF9DB17_AUTODXT_F236F9B04E0DE4459D2A5B824FDF3__5B6FDADEE6BC00F391E2BDDE6774DDAF20F5F4A9.udd" 668
"C:/Users/Alex/AppData/Local/UnrealEngine/Common/DerivedDataCache/6/1/3/TEXTURE_75F87CE100B546AAB8A1C4132AF9DB17_AUTODXT_DFD672C944E0B158A843C5AD81CE6__7B98878F501A63BA7C7DBC661063CF5D7CB71905.udd" 669
"C:/Users/Alex/AppData/Local/UnrealEngine/Common/DerivedDataCache/6/7/3/TEXTURE_75F87CE100B546AAB8A1C4132AF9DB17_AUTODXT_DFD672C944E0B158A843C5AD81CE6__EE4012466FE96F1DB33A35071128AC780F8D34F4.udd" 670
"C:/Users/Alex/AppData/Local/UnrealEngine/Common/DerivedDataCache/0/0/4/TEXTURE_75F87CE100B546AAB8A1C4132AF9DB17_AUTODXT_F236F9B04E0DE4459D2A5B824FDF3__93F5F049BEA3662D209CE850925CA42E30EF66C2.udd" 671
"C:/Users/Alex/AppData/Local/UnrealEngine/Common/DerivedDataCache/3/1/9/MATSM_85DD00DAF10D45C79D4ED0306AF2628B_PCD3D_SM5_2__BC5N_DEV_SL_NODBUF6627F7B0__E7E0C0A8F521CE593F62D80319994A18EBC572B6.udd" 672
"C:/Users/Alex/AppData/Local/UnrealEngine/Common/DerivedDataCache/2/1/8/MATSM_85DD00DAF10D45C79D4ED0306AF2628B_PCD3D_SM4_2__BC5N_DEV_SL_NODBUF6627F7B0__E3D072E9323F137F976A31C9FAE7235DC670B0CA.udd" 673
"C:/Users/Alex/AppData/Local/UnrealEngine/Common/DerivedDataCache/6/3/8/STATICMESH_46A8778361B442A9523C54440EA1E9D_2C1BC8F50A7A43818AFE266EB43D9060_DF__D17D917E56B91149034268AEA52350F3C138CAEB.udd" 674
"C:/Users/Alex/AppData/Local/UnrealEngine/Common/DerivedDataCache/6/8/4/PHYSX_$7B1F0627AE$2DABEB$2D4206$2D8D78$2DE16BEB5DDC7E$7D_PHYSXPC_79C9A1194C9DA__961D1E73821ADAA46547FCCBA6D6FAA2CB6F74CB.udd" 675
"C:/Users/Alex/AppData/Local/UnrealEngine/Common/DerivedDataCache/8/2/9/MATSM_85DD00DAF10D45C79D4ED0306AF2628B_PCD3D_SM5_2__BC5N_DEV_SL_NODBUF735E039E__FE7435B325711DB112D9B9CF691697F31E6D580E.udd" 676
"C:/Users/Alex/AppData/Local/UnrealEngine/Common/DerivedDataCache/1/6/1/MATSM_85DD00DAF10D45C79D4ED0306AF2628B_PCD3D_SM4_2__BC5N_DEV_SL_NODBUF735E039E__019D79806BF8F1258D7D7A57CACCC6C94EE054E9.udd" 677
"C:/Users/Alex/AppData/Local/UnrealEngine/Common/DerivedDataCache/3/1/1/TEXTURE_75F87CE100B546AAB8A1C4132AF9DB17_DXT1_010349D04BB1296140426BA7DC02B183__6E30A5C7AA55757AB0E50B33DB0446F23E5E2859.udd" 678
"C:/Users/Alex/AppData/Local/UnrealEngine/Common/DerivedDataCache/9/6/1/STATICMESH_46A8778361B442A9523C54440EA1E9D_2C1BC8F50A7A43818AFE266EB43D9060_62__4298CC57F767F64F8ED6373CA894D159C3F61390.udd" 679
"C:/Users/Alex/AppData/Local/UnrealEngine/Common/DerivedDataCache/2/8/7/PHYSX_$7B1F0627AE$2DABEB$2D4206$2D8D78$2DE16BEB5DDC7E$7D_PHYSXPC_8737B7804F273__12495CC79A611075A3F4DDC2F6E7DA90C7DE5141.udd" 680
"C:/Users/Alex/AppData/Local/UnrealEngine/Common/DerivedDataCache/5/5/4/PHYSX_$7B1F0627AE$2DABEB$2D4206$2D8D78$2DE16BEB5DDC7E$7D_PHYSXPC_0083EB64478BDE4DD6FEC2AEA0FFF51C__1_0_13075_0.udd" 681
"../../../Engine/Content/EditorResources/EmptyActor.uasset" 682
"../../../../../../Users/Alex/Documents/Unreal Projects/GamesProject/Content/Sound/GunShot.uasset" 683
"../../../../../../Users/Alex/Documents/Unreal Projects/GamesProject/Content/Sound/Bomb.uasset" 684
"../../../../../../Users/Alex/Documents/Unreal Projects/GamesProject/Content/PathFinding/BB_Values.uasset" 685
"../../../../../../Users/Alex/Documents/Unreal Projects/GamesProject/Content/Meshes/GP_Cube_fbm/books_texture3009.uasset" 686
"C:/Users/Alex/AppData/Local/UnrealEngine/Common/DerivedDataCache/3/3/0/TEXTURE_75F87CE100B546AAB8A1C4132AF9DB17_AUTODXT_3EB7179546685BA2811F90B2531FA__DDF0AA2821F3F7B9F860865C6927287D5046A027.udd" 687
"C:/Users/Alex/AppData/Local/UnrealEngine/Common/DerivedDataCache/3/8/2/TEXTURE_75F87CE100B546AAB8A1C4132AF9DB17_AUTODXT_3EB7179546685BA2811F90B2531FA__479BFAE7399ABD5D320FD1F83791FFF1FBACB66E.udd" 688
"C:/Users/Alex/AppData/Local/UnrealEngine/Common/DerivedDataCache/4/9/2/TEXTURE_75F87CE100B546AAB8A1C4132AF9DB17_AUTODXT_3EB7179546685BA2811F90B2531FA__516AAC5D1F525F16BFC9CE5337F1D7A0C2493693.udd" 689
"C:/Users/Alex/AppData/Local/UnrealEngine/Common/DerivedDataCache/7/3/7/TEXTURE_75F87CE100B546AAB8A1C4132AF9DB17_AUTODXT_3EB7179546685BA2811F90B2531FA__6D84D32F69E995727298BC512B4F673F8BFA0CC9.udd" 690
"C:/Users/Alex/AppData/Local/UnrealEngine/Common/DerivedDataCache/7/6/6/TEXTURE_75F87CE100B546AAB8A1C4132AF9DB17_AUTODXT_3EB7179546685BA2811F90B2531FA__FF57F6443B542C9C062C280A0254FD35ABA0A6A3.udd" 691
"../../../../../../Users/Alex/Documents/Unreal Projects/GamesProject/Content/GUI/Images/Lego.uasset" 692
"../../../../../../Users/Alex/Documents/Unreal Projects/GamesProject/Content/GUI/NewWidgetBlueprint.uasset" 693
"../../../../../../Users/Alex/Documents/Unreal Projects/GamesProject/Content/GUI/GPMM_Teams.uasset" 694
"C:/Users/Alex/AppData/Local/UnrealEngine/Common/DerivedDataCache/1/4/9/TEXTURE_75F87CE100B546AAB8A1C4132AF9DB17_AUTODXT_50D911D04911CB6274396B8D80D50__30E68466BF6A12CDF71E26990FABA087B4CCC8EF.udd" 695
"C:/Users/Alex/AppData/Local/UnrealEngine/Common/DerivedDataCache/8/0/9/TEXTURE_75F87CE100B546AAB8A1C4132AF9DB17_AUTODXT_50D911D04911CB6274396B8D80D50__A2AEA886505EFCD81C9C6CFCFAB04F75F561AB61.udd" 696
"C:/Users/Alex/AppData/Local/UnrealEngine/Common/DerivedDataCache/1/0/7/TEXTURE_75F87CE100B546AAB8A1C4132AF9DB17_AUTODXT_50D911D04911CB6274396B8D80D50__5DCB4B482C87963FE578AEE319AB13AEE0CC1338.udd" 697
"../../../../../../Users/Alex/Documents/Unreal Projects/GamesProject/Content/Fonts/DroidSans.uasset" 698
"C:/Users/Alex/AppData/Local/UnrealEngine/Common/DerivedDataCache/7/5/9/TEXTURE_75F87CE100B546AAB8A1C4132AF9DB17_AUTODXT_50D911D04911CB6274396B8D80D50__DFED1798CE527B02767AB68E6B602DBBD8C70031.udd" 699
"C:/Users/Alex/AppData/Local/UnrealEngine/Common/DerivedDataCache/3/4/0/TEXTURE_75F87CE100B546AAB8A1C4132AF9DB17_AUTODXT_50D911D04911CB6274396B8D80D50__5D37BA321E6CEAADECE9636A4E6133CC79E8843D.udd" 700
"../../../../../../Users/Alex/Documents/Unreal Projects/GamesProject/Content/Blueprints/BP_GPBuilding.uasset" 701
"../../../../../../Users/Alex/Documents/Unreal Projects/GamesProject/Content/Audio/Background_Cue.uasset" 702
"../../../../../../Users/Alex/Documents/Unreal Projects/GamesProject/Content/Audio/Background.uasset" 703
"C:/Users/Alex/AppData/Local/UnrealEngine/Common/DerivedDataCache/0/0/9/AUDIO_0002_0000_OGG_0001_F9521C5B4091F1D13EC6B8AFE6708099.udd" 704
"../../../../../../Users/Alex/Documents/Unreal Projects/GamesProject/Content/Animations/ThirdPersonAnimation/Idle_To_Walk.uasset" 705
"../../../../../../Users/Alex/Documents/Unreal Projects/GamesProject/Content/Animations/ThirdPersonAnimation/FireRun.uasset" 706
"../../../../../../Users/Alex/Documents/Unreal Projects/GamesProject/Content/Animations/NewAnimBlueprint.uasset" 707
"../../../../../../Users/Alex/Documents/Unreal Projects/GamesProject/Content/WorldGridMaterial.uasset" 708
"C:/Users/Alex/AppData/Local/UnrealEngine/Common/DerivedDataCache/9/0/8/MATSM_85DD00DAF10D45C79D4ED0306AF2628B_PCD3D_SM5_2__BC5N_DEV_SL_NODBUFB3B05FCD__D59F868097E8AD969A9200B09D39A3EABDFF5865.udd" 709
"C:/Users/Alex/AppData/Local/UnrealEngine/Common/DerivedDataCache/4/9/7/MATSM_85DD00DAF10D45C79D4ED0306AF2628B_PCD3D_SM4_2__BC5N_DEV_SL_NODBUFB3B05FCD__B69675557F4DA83ADC5CD5486F548C9F33E9A1AF.udd" 710
"../../../../../../Users/Alex/Documents/Unreal Projects/GamesProject/Content/texClockFace.uasset" 711
"../../../../../../Users/Alex/Documents/Unreal Projects/GamesProject/Content/Sphere.uasset" 712
"../../../../../../Users/Alex/Documents/Unreal Projects/GamesProject/Content/Fbx_Default_Material.uasset" 713
"C:/Users/Alex/AppData/Local/UnrealEngine/Common/DerivedDataCache/2/2/9/STATICMESH_46A8778361B442A9523C54440EA1E9D_2C1BC8F50A7A43818AFE266EB43D9060_FF__E3F82FB5A622BF54897524E8E164AA71D389C61D.udd" 714
"C:/Users/Alex/AppData/Local/UnrealEngine/Common/DerivedDataCache/2/2/2/PHYSX_$7B1F0627AE$2DABEB$2D4206$2D8D78$2DE16BEB5DDC7E$7D_PHYSXPC_70E1C9644CD0B__45C02BB699C6C27FA0324FC1DC2BF1126061E79B.udd" 715
"C:/Users/Alex/AppData/Local/UnrealEngine/Common/DerivedDataCache/4/0/8/MATSM_85DD00DAF10D45C79D4ED0306AF2628B_PCD3D_SM5_2__BC5N_DEV_SL_NODBUF1F3B0476__319DD23F51A51A96C5E40E51875D22204C6C573B.udd" 716
"C:/Users/Alex/AppData/Local/UnrealEngine/Common/DerivedDataCache/8/2/2/MATSM_85DD00DAF10D45C79D4ED0306AF2628B_PCD3D_SM4_2__BC5N_DEV_SL_NODBUF1F3B0476__2FDF283357A3C4FF66DF8F0700C80873D9DA7C04.udd" 717
"../../../../../../Users/Alex/Documents/Unreal Projects/GamesProject/Content/RubiksBombCheck.uasset" 718
"../../../../../../Users/Alex/Documents/Unreal Projects/GamesProject/Content/Red.uasset" 719
"../../../../../../Users/Alex/Documents/Unreal Projects/GamesProject/Content/lambert2.uasset" 720
"../../../../../../Users/Alex/Documents/Unreal Projects/GamesProject/Content/lambert1.uasset" 721
"C:/Users/Alex/AppData/Local/UnrealEngine/Common/DerivedDataCache/6/0/3/MATSM_85DD00DAF10D45C79D4ED0306AF2628B_PCD3D_SM5_2__BC5N_DEV_SL_NODBUF158F31B8__C6285DDC5AD58CFA9DA37480562901A091BE6FBF.udd" 722
"C:/Users/Alex/AppData/Local/UnrealEngine/Common/DerivedDataCache/5/1/2/MATSM_85DD00DAF10D45C79D4ED0306AF2628B_PCD3D_SM4_2__BC5N_DEV_SL_NODBUF158F31B8__028AEB21C9E426FC49ED1BA8AE07AD7045AB3D6F.udd" 723
"../../../../../../Users/Alex/Documents/Unreal Projects/GamesProject/Content/HeroFPP_PhysicsAsset.uasset" 724
"../../../../../../Users/Alex/Documents/Unreal Projects/GamesProject/Content/HeroFPP.uasset" 725
"../../../../../../Users/Alex/Documents/Unreal Projects/GamesProject/Content/clockface.uasset" 726
